{"C:\\Users\\dharu\\Documents\\GitHub\\fullstack-tech-champs-p2-frontend\\src\\main.tsx": {"path":"C:\\Users\\dharu\\Documents\\GitHub\\fullstack-tech-champs-p2-frontend\\src\\main.tsx","statementMap":{"0":{"start":{"line":13,"column":15},"end":{"line":13,"column":42}},"1":{"start":{"line":22,"column":0},"end":{"line":27,"column":null}}},"fnMap":{},"branchMap":{},"s":{"0":0,"1":0},"f":{},"b":{}}
,"C:\\Users\\dharu\\Documents\\GitHub\\fullstack-tech-champs-p2-frontend\\src\\components\\shared\\navbar.tsx": {"path":"C:\\Users\\dharu\\Documents\\GitHub\\fullstack-tech-champs-p2-frontend\\src\\components\\shared\\navbar.tsx","statementMap":{"0":{"start":{"line":3,"column":22},"end":{"line":20,"column":1}},"1":{"start":{"line":4,"column":2},"end":{"line":18,"column":null}}},"fnMap":{"0":{"name":"(anonymous_0)","decl":{"start":{"line":3,"column":22},"end":{"line":3,"column":27}},"loc":{"start":{"line":3,"column":27},"end":{"line":20,"column":1}}}},"branchMap":{},"s":{"0":0,"1":0},"f":{"0":0},"b":{}}
,"C:\\Users\\dharu\\Documents\\GitHub\\fullstack-tech-champs-p2-frontend\\src\\components\\shared\\sidebar\\app-sidebar.tsx": {"path":"C:\\Users\\dharu\\Documents\\GitHub\\fullstack-tech-champs-p2-frontend\\src\\components\\shared\\sidebar\\app-sidebar.tsx","statementMap":{"0":{"start":{"line":8,"column":26},"end":{"line":23,"column":1}},"1":{"start":{"line":10,"column":2},"end":{"line":21,"column":null}}},"fnMap":{"0":{"name":"(anonymous_0)","decl":{"start":{"line":8,"column":26},"end":{"line":8,"column":31}},"loc":{"start":{"line":8,"column":31},"end":{"line":23,"column":1}}}},"branchMap":{},"s":{"0":0,"1":0},"f":{"0":0},"b":{}}
,"C:\\Users\\dharu\\Documents\\GitHub\\fullstack-tech-champs-p2-frontend\\src\\components\\shared\\sidebar\\sidebar-container.tsx": {"path":"C:\\Users\\dharu\\Documents\\GitHub\\fullstack-tech-champs-p2-frontend\\src\\components\\shared\\sidebar\\sidebar-container.tsx","statementMap":{"0":{"start":{"line":8,"column":32},"end":{"line":14,"column":1}},"1":{"start":{"line":9,"column":22},"end":{"line":9,"column":34}},"2":{"start":{"line":11,"column":2},"end":{"line":11,"column":null}},"3":{"start":{"line":11,"column":16},"end":{"line":11,"column":null}},"4":{"start":{"line":13,"column":2},"end":{"line":13,"column":null}}},"fnMap":{"0":{"name":"(anonymous_0)","decl":{"start":{"line":8,"column":32},"end":{"line":8,"column":33}},"loc":{"start":{"line":8,"column":72},"end":{"line":14,"column":1}}}},"branchMap":{"0":{"loc":{"start":{"line":11,"column":2},"end":{"line":11,"column":null}},"type":"if","locations":[{"start":{"line":11,"column":2},"end":{"line":11,"column":null}}]}},"s":{"0":0,"1":0,"2":0,"3":0,"4":0},"f":{"0":0},"b":{"0":[0]}}
,"C:\\Users\\dharu\\Documents\\GitHub\\fullstack-tech-champs-p2-frontend\\src\\components\\shared\\sidebar\\sidebar-content.tsx": {"path":"C:\\Users\\dharu\\Documents\\GitHub\\fullstack-tech-champs-p2-frontend\\src\\components\\shared\\sidebar\\sidebar-content.tsx","statementMap":{"0":{"start":{"line":7,"column":30},"end":{"line":14,"column":1}},"1":{"start":{"line":8,"column":2},"end":{"line":11,"column":null}}},"fnMap":{"0":{"name":"(anonymous_0)","decl":{"start":{"line":7,"column":30},"end":{"line":7,"column":31}},"loc":{"start":{"line":7,"column":70},"end":{"line":14,"column":1}}}},"branchMap":{},"s":{"0":0,"1":0},"f":{"0":0},"b":{}}
,"C:\\Users\\dharu\\Documents\\GitHub\\fullstack-tech-champs-p2-frontend\\src\\components\\shared\\sidebar\\sidebar-group.tsx": {"path":"C:\\Users\\dharu\\Documents\\GitHub\\fullstack-tech-champs-p2-frontend\\src\\components\\shared\\sidebar\\sidebar-group.tsx","statementMap":{"0":{"start":{"line":10,"column":28},"end":{"line":23,"column":1}},"1":{"start":{"line":11,"column":21},"end":{"line":11,"column":33}},"2":{"start":{"line":13,"column":2},"end":{"line":21,"column":null}}},"fnMap":{"0":{"name":"(anonymous_0)","decl":{"start":{"line":10,"column":28},"end":{"line":10,"column":29}},"loc":{"start":{"line":10,"column":64},"end":{"line":23,"column":1}}}},"branchMap":{"0":{"loc":{"start":{"line":17,"column":8},"end":{"line":17,"column":64}},"type":"cond-expr","locations":[{"start":{"line":17,"column":17},"end":{"line":17,"column":30}},{"start":{"line":17,"column":33},"end":{"line":17,"column":64}}]}},"s":{"0":0,"1":0,"2":0},"f":{"0":0},"b":{"0":[0,0]}}
,"C:\\Users\\dharu\\Documents\\GitHub\\fullstack-tech-champs-p2-frontend\\src\\components\\shared\\sidebar\\sidebar-item.tsx": {"path":"C:\\Users\\dharu\\Documents\\GitHub\\fullstack-tech-champs-p2-frontend\\src\\components\\shared\\sidebar\\sidebar-item.tsx","statementMap":{"0":{"start":{"line":12,"column":27},"end":{"line":23,"column":1}},"1":{"start":{"line":13,"column":2},"end":{"line":21,"column":null}}},"fnMap":{"0":{"name":"(anonymous_0)","decl":{"start":{"line":12,"column":27},"end":{"line":12,"column":28}},"loc":{"start":{"line":12,"column":77},"end":{"line":23,"column":1}}}},"branchMap":{},"s":{"0":0,"1":0},"f":{"0":0},"b":{}}
,"C:\\Users\\dharu\\Documents\\GitHub\\fullstack-tech-champs-p2-frontend\\src\\components\\shared\\sidebar\\sidebar-main-wrapper.tsx": {"path":"C:\\Users\\dharu\\Documents\\GitHub\\fullstack-tech-champs-p2-frontend\\src\\components\\shared\\sidebar\\sidebar-main-wrapper.tsx","statementMap":{"0":{"start":{"line":12,"column":34},"end":{"line":32,"column":1}},"1":{"start":{"line":13,"column":29},"end":{"line":13,"column":41}},"2":{"start":{"line":14,"column":2},"end":{"line":30,"column":null}}},"fnMap":{"0":{"name":"(anonymous_0)","decl":{"start":{"line":12,"column":34},"end":{"line":12,"column":35}},"loc":{"start":{"line":12,"column":76},"end":{"line":32,"column":1}}}},"branchMap":{"0":{"loc":{"start":{"line":18,"column":8},"end":{"line":18,"column":33}},"type":"cond-expr","locations":[{"start":{"line":18,"column":17},"end":{"line":18,"column":24}},{"start":{"line":18,"column":27},"end":{"line":18,"column":33}}]}},"s":{"0":0,"1":0,"2":0},"f":{"0":0},"b":{"0":[0,0]}}
,"C:\\Users\\dharu\\Documents\\GitHub\\fullstack-tech-champs-p2-frontend\\src\\components\\shared\\sidebar\\sidebar.tsx": {"path":"C:\\Users\\dharu\\Documents\\GitHub\\fullstack-tech-champs-p2-frontend\\src\\components\\shared\\sidebar\\sidebar.tsx","statementMap":{"0":{"start":{"line":9,"column":23},"end":{"line":43,"column":1}},"1":{"start":{"line":10,"column":21},"end":{"line":10,"column":33}},"2":{"start":{"line":12,"column":2},"end":{"line":41,"column":null}}},"fnMap":{"0":{"name":"(anonymous_0)","decl":{"start":{"line":9,"column":23},"end":{"line":9,"column":24}},"loc":{"start":{"line":9,"column":54},"end":{"line":43,"column":1}}}},"branchMap":{"0":{"loc":{"start":{"line":16,"column":8},"end":{"line":16,"column":40}},"type":"cond-expr","locations":[{"start":{"line":16,"column":17},"end":{"line":16,"column":32}},{"start":{"line":16,"column":35},"end":{"line":16,"column":40}}]},"1":{"loc":{"start":{"line":21,"column":8},"end":{"line":21,"column":62}},"type":"binary-expr","locations":[{"start":{"line":21,"column":8},"end":{"line":21,"column":15}},{"start":{"line":21,"column":19},"end":{"line":21,"column":62}}]}},"s":{"0":0,"1":0,"2":0},"f":{"0":0},"b":{"0":[0,0],"1":[0,0]}}
,"C:\\Users\\dharu\\Documents\\GitHub\\fullstack-tech-champs-p2-frontend\\src\\features\\auth\\components\\userDropdown.tsx": {"path":"C:\\Users\\dharu\\Documents\\GitHub\\fullstack-tech-champs-p2-frontend\\src\\features\\auth\\components\\userDropdown.tsx","statementMap":{"0":{"start":{"line":12,"column":28},"end":{"line":37,"column":1}},"1":{"start":{"line":13,"column":39},"end":{"line":13,"column":57}},"2":{"start":{"line":15,"column":26},"end":{"line":15,"column":37}},"3":{"start":{"line":18,"column":23},"end":{"line":22,"column":3}},"4":{"start":{"line":19,"column":15},"end":{"line":19,"column":36}},"5":{"start":{"line":20,"column":4},"end":{"line":20,"column":null}},"6":{"start":{"line":20,"column":12},"end":{"line":20,"column":null}},"7":{"start":{"line":21,"column":4},"end":{"line":21,"column":null}},"8":{"start":{"line":24,"column":2},"end":{"line":35,"column":null}}},"fnMap":{"0":{"name":"(anonymous_0)","decl":{"start":{"line":12,"column":28},"end":{"line":12,"column":33}},"loc":{"start":{"line":12,"column":33},"end":{"line":37,"column":1}}},"1":{"name":"(anonymous_1)","decl":{"start":{"line":18,"column":23},"end":{"line":18,"column":34}},"loc":{"start":{"line":18,"column":34},"end":{"line":22,"column":3}}}},"branchMap":{"0":{"loc":{"start":{"line":20,"column":4},"end":{"line":20,"column":null}},"type":"if","locations":[{"start":{"line":20,"column":4},"end":{"line":20,"column":null}}]}},"s":{"0":0,"1":0,"2":0,"3":0,"4":0,"5":0,"6":0,"7":0,"8":0},"f":{"0":0,"1":0},"b":{"0":[0]}}
,"C:\\Users\\dharu\\Documents\\GitHub\\fullstack-tech-champs-p2-frontend\\src\\features\\auth\\components\\userProfile.tsx": {"path":"C:\\Users\\dharu\\Documents\\GitHub\\fullstack-tech-champs-p2-frontend\\src\\features\\auth\\components\\userProfile.tsx","statementMap":{"0":{"start":{"line":4,"column":27},"end":{"line":11,"column":1}},"1":{"start":{"line":5,"column":25},"end":{"line":5,"column":34}},"2":{"start":{"line":6,"column":2},"end":{"line":9,"column":null}}},"fnMap":{"0":{"name":"(anonymous_0)","decl":{"start":{"line":4,"column":27},"end":{"line":4,"column":32}},"loc":{"start":{"line":4,"column":32},"end":{"line":11,"column":1}}}},"branchMap":{"0":{"loc":{"start":{"line":8,"column":7},"end":{"line":8,"column":48}},"type":"binary-expr","locations":[{"start":{"line":8,"column":7},"end":{"line":8,"column":21}},{"start":{"line":8,"column":25},"end":{"line":8,"column":48}}]}},"s":{"0":0,"1":0,"2":0},"f":{"0":0},"b":{"0":[0,0]}}
,"C:\\Users\\dharu\\Documents\\GitHub\\fullstack-tech-champs-p2-frontend\\src\\features\\auth\\hook\\useAuth.ts": {"path":"C:\\Users\\dharu\\Documents\\GitHub\\fullstack-tech-champs-p2-frontend\\src\\features\\auth\\hook\\useAuth.ts","statementMap":{"0":{"start":{"line":18,"column":24},"end":{"line":57,"column":1}},"1":{"start":{"line":19,"column":16},"end":{"line":19,"column":45}},"2":{"start":{"line":22,"column":2},"end":{"line":24,"column":null}},"3":{"start":{"line":23,"column":4},"end":{"line":23,"column":null}},"4":{"start":{"line":26,"column":2},"end":{"line":56,"column":null}},"5":{"start":{"line":28,"column":32},"end":{"line":28,"column":48}},"6":{"start":{"line":29,"column":19},"end":{"line":29,"column":33}},"7":{"start":{"line":30,"column":21},"end":{"line":30,"column":37}},"8":{"start":{"line":32,"column":24},"end":{"line":32,"column":53}},"9":{"start":{"line":33,"column":4},"end":{"line":36,"column":null}},"10":{"start":{"line":34,"column":6},"end":{"line":34,"column":39}},"11":{"start":{"line":35,"column":6},"end":{"line":35,"column":null}},"12":{"start":{"line":39,"column":16},"end":{"line":39,"column":56}},"13":{"start":{"line":41,"column":4},"end":{"line":46,"column":null}},"14":{"start":{"line":48,"column":4},"end":{"line":48,"column":null}},"15":{"start":{"line":49,"column":4},"end":{"line":49,"column":37}},"16":{"start":{"line":50,"column":4},"end":{"line":55,"column":null}},"17":{"start":{"line":59,"column":23},"end":{"line":67,"column":1}},"18":{"start":{"line":60,"column":2},"end":{"line":66,"column":null}}},"fnMap":{"0":{"name":"(anonymous_0)","decl":{"start":{"line":18,"column":24},"end":{"line":18,"column":139}},"loc":{"start":{"line":18,"column":139},"end":{"line":57,"column":1}}},"1":{"name":"(anonymous_1)","decl":{"start":{"line":59,"column":23},"end":{"line":59,"column":28}},"loc":{"start":{"line":59,"column":28},"end":{"line":67,"column":1}}}},"branchMap":{"0":{"loc":{"start":{"line":22,"column":2},"end":{"line":24,"column":null}},"type":"if","locations":[{"start":{"line":22,"column":2},"end":{"line":24,"column":null}}]},"1":{"loc":{"start":{"line":33,"column":4},"end":{"line":36,"column":null}},"type":"if","locations":[{"start":{"line":33,"column":4},"end":{"line":36,"column":null}}]}},"s":{"0":0,"1":0,"2":0,"3":0,"4":0,"5":0,"6":0,"7":0,"8":0,"9":0,"10":0,"11":0,"12":0,"13":0,"14":0,"15":0,"16":0,"17":0,"18":0},"f":{"0":0,"1":0},"b":{"0":[0],"1":[0]}}
,"C:\\Users\\dharu\\Documents\\GitHub\\fullstack-tech-champs-p2-frontend\\src\\features\\auth\\hook\\useLogin.ts": {"path":"C:\\Users\\dharu\\Documents\\GitHub\\fullstack-tech-champs-p2-frontend\\src\\features\\auth\\hook\\useLogin.ts","statementMap":{"0":{"start":{"line":8,"column":24},"end":{"line":35,"column":1}},"1":{"start":{"line":9,"column":19},"end":{"line":9,"column":32}},"2":{"start":{"line":10,"column":22},"end":{"line":10,"column":38}},"3":{"start":{"line":12,"column":2},"end":{"line":34,"column":null}},"4":{"start":{"line":14,"column":18},"end":{"line":14,"column":70}},"5":{"start":{"line":15,"column":20},"end":{"line":15,"column":34}},"6":{"start":{"line":16,"column":6},"end":{"line":16,"column":43}},"7":{"start":{"line":17,"column":6},"end":{"line":17,"column":null}},"8":{"start":{"line":20,"column":6},"end":{"line":20,"column":null}},"9":{"start":{"line":21,"column":6},"end":{"line":21,"column":null}},"10":{"start":{"line":22,"column":6},"end":{"line":22,"column":null}},"11":{"start":{"line":25,"column":6},"end":{"line":25,"column":null}},"12":{"start":{"line":27,"column":6},"end":{"line":32,"column":null}},"13":{"start":{"line":28,"column":24},"end":{"line":28,"column":102}},"14":{"start":{"line":29,"column":8},"end":{"line":29,"column":null}},"15":{"start":{"line":31,"column":8},"end":{"line":31,"column":null}}},"fnMap":{"0":{"name":"(anonymous_0)","decl":{"start":{"line":8,"column":24},"end":{"line":8,"column":29}},"loc":{"start":{"line":8,"column":29},"end":{"line":35,"column":1}}},"1":{"name":"(anonymous_1)","decl":{"start":{"line":13,"column":16},"end":{"line":13,"column":23}},"loc":{"start":{"line":13,"column":50},"end":{"line":18,"column":5}}},"2":{"name":"(anonymous_2)","decl":{"start":{"line":19,"column":15},"end":{"line":19,"column":20}},"loc":{"start":{"line":19,"column":20},"end":{"line":23,"column":5}}},"3":{"name":"(anonymous_3)","decl":{"start":{"line":24,"column":14},"end":{"line":24,"column":19}},"loc":{"start":{"line":24,"column":23},"end":{"line":33,"column":null}}}},"branchMap":{"0":{"loc":{"start":{"line":27,"column":6},"end":{"line":32,"column":null}},"type":"if","locations":[{"start":{"line":27,"column":6},"end":{"line":32,"column":null}},{"start":{"line":30,"column":13},"end":{"line":32,"column":null}}]},"1":{"loc":{"start":{"line":28,"column":24},"end":{"line":28,"column":102}},"type":"binary-expr","locations":[{"start":{"line":28,"column":24},"end":{"line":28,"column":53}},{"start":{"line":28,"column":57},"end":{"line":28,"column":84}},{"start":{"line":28,"column":88},"end":{"line":28,"column":102}}]}},"s":{"0":0,"1":0,"2":0,"3":0,"4":0,"5":0,"6":0,"7":0,"8":0,"9":0,"10":0,"11":0,"12":0,"13":0,"14":0,"15":0},"f":{"0":0,"1":0,"2":0,"3":0},"b":{"0":[0,0],"1":[0,0,0]}}
,"C:\\Users\\dharu\\Documents\\GitHub\\fullstack-tech-champs-p2-frontend\\src\\features\\auth\\hook\\useRegister.ts": {"path":"C:\\Users\\dharu\\Documents\\GitHub\\fullstack-tech-champs-p2-frontend\\src\\features\\auth\\hook\\useRegister.ts","statementMap":{"0":{"start":{"line":8,"column":0},"end":{"line":8,"column":null}},"1":{"start":{"line":9,"column":26},"end":{"line":33,"column":1}},"2":{"start":{"line":10,"column":21},"end":{"line":10,"column":34}},"3":{"start":{"line":11,"column":4},"end":{"line":31,"column":null}},"4":{"start":{"line":13,"column":12},"end":{"line":13,"column":null}},"5":{"start":{"line":14,"column":25},"end":{"line":14,"column":79}},"6":{"start":{"line":15,"column":12},"end":{"line":15,"column":null}},"7":{"start":{"line":18,"column":12},"end":{"line":18,"column":null}},"8":{"start":{"line":19,"column":12},"end":{"line":19,"column":null}},"9":{"start":{"line":22,"column":12},"end":{"line":22,"column":null}},"10":{"start":{"line":24,"column":12},"end":{"line":29,"column":null}},"11":{"start":{"line":25,"column":39},"end":{"line":25,"column":144}},"12":{"start":{"line":26,"column":16},"end":{"line":26,"column":null}},"13":{"start":{"line":28,"column":16},"end":{"line":28,"column":null}}},"fnMap":{"0":{"name":"(anonymous_0)","decl":{"start":{"line":9,"column":26},"end":{"line":9,"column":31}},"loc":{"start":{"line":9,"column":31},"end":{"line":33,"column":1}}},"1":{"name":"(anonymous_1)","decl":{"start":{"line":12,"column":19},"end":{"line":12,"column":26}},"loc":{"start":{"line":12,"column":55},"end":{"line":16,"column":9}}},"2":{"name":"(anonymous_2)","decl":{"start":{"line":17,"column":19},"end":{"line":17,"column":24}},"loc":{"start":{"line":17,"column":24},"end":{"line":20,"column":9}}},"3":{"name":"(anonymous_3)","decl":{"start":{"line":21,"column":18},"end":{"line":21,"column":23}},"loc":{"start":{"line":21,"column":27},"end":{"line":30,"column":null}}}},"branchMap":{"0":{"loc":{"start":{"line":24,"column":12},"end":{"line":29,"column":null}},"type":"if","locations":[{"start":{"line":24,"column":12},"end":{"line":29,"column":null}},{"start":{"line":27,"column":19},"end":{"line":29,"column":null}}]},"1":{"loc":{"start":{"line":25,"column":39},"end":{"line":25,"column":144}},"type":"binary-expr","locations":[{"start":{"line":25,"column":39},"end":{"line":25,"column":68}},{"start":{"line":25,"column":72},"end":{"line":25,"column":99}},{"start":{"line":25,"column":103},"end":{"line":25,"column":144}}]}},"s":{"0":0,"1":0,"2":0,"3":0,"4":0,"5":0,"6":0,"7":0,"8":0,"9":0,"10":0,"11":0,"12":0,"13":0},"f":{"0":0,"1":0,"2":0,"3":0},"b":{"0":[0,0],"1":[0,0,0]}}
,"C:\\Users\\dharu\\Documents\\GitHub\\fullstack-tech-champs-p2-frontend\\src\\features\\auth\\schemas\\login-schema.ts": {"path":"C:\\Users\\dharu\\Documents\\GitHub\\fullstack-tech-champs-p2-frontend\\src\\features\\auth\\schemas\\login-schema.ts","statementMap":{"0":{"start":{"line":3,"column":27},"end":{"line":10,"column":2}}},"fnMap":{},"branchMap":{},"s":{"0":0},"f":{},"b":{}}
,"C:\\Users\\dharu\\Documents\\GitHub\\fullstack-tech-champs-p2-frontend\\src\\features\\auth\\schemas\\register-schema.ts": {"path":"C:\\Users\\dharu\\Documents\\GitHub\\fullstack-tech-champs-p2-frontend\\src\\features\\auth\\schemas\\register-schema.ts","statementMap":{"0":{"start":{"line":3,"column":30},"end":{"line":15,"column":2}}},"fnMap":{},"branchMap":{},"s":{"0":0},"f":{},"b":{}}
,"C:\\Users\\dharu\\Documents\\GitHub\\fullstack-tech-champs-p2-frontend\\src\\features\\nfl\\hook\\useLeaderboard.ts": {"path":"C:\\Users\\dharu\\Documents\\GitHub\\fullstack-tech-champs-p2-frontend\\src\\features\\nfl\\hook\\useLeaderboard.ts","statementMap":{"0":{"start":{"line":22,"column":31},"end":{"line":34,"column":1}},"1":{"start":{"line":23,"column":2},"end":{"line":33,"column":null}},"2":{"start":{"line":26,"column":23},"end":{"line":28,"column":8}},"3":{"start":{"line":29,"column":6},"end":{"line":29,"column":null}}},"fnMap":{"0":{"name":"(anonymous_0)","decl":{"start":{"line":22,"column":31},"end":{"line":22,"column":44}},"loc":{"start":{"line":22,"column":48},"end":{"line":34,"column":1}}},"1":{"name":"(anonymous_1)","decl":{"start":{"line":25,"column":13},"end":{"line":25,"column":24}},"loc":{"start":{"line":25,"column":24},"end":{"line":30,"column":5}}}},"branchMap":{},"s":{"0":0,"1":0,"2":0,"3":0},"f":{"0":0,"1":0},"b":{}}
,"C:\\Users\\dharu\\Documents\\GitHub\\fullstack-tech-champs-p2-frontend\\src\\features\\nfl\\hook\\useMyTeam.ts": {"path":"C:\\Users\\dharu\\Documents\\GitHub\\fullstack-tech-champs-p2-frontend\\src\\features\\nfl\\hook\\useMyTeam.ts","statementMap":{"0":{"start":{"line":36,"column":25},"end":{"line":113,"column":1}},"1":{"start":{"line":37,"column":22},"end":{"line":37,"column":38}},"2":{"start":{"line":38,"column":29},"end":{"line":38,"column":38}},"3":{"start":{"line":39,"column":17},"end":{"line":39,"column":33}},"4":{"start":{"line":41,"column":22},"end":{"line":51,"column":3}},"5":{"start":{"line":42,"column":4},"end":{"line":42,"column":null}},"6":{"start":{"line":42,"column":23},"end":{"line":42,"column":null}},"7":{"start":{"line":44,"column":18},"end":{"line":44,"column":41}},"8":{"start":{"line":45,"column":4},"end":{"line":50,"column":null}},"9":{"start":{"line":53,"column":46},"end":{"line":61,"column":4}},"10":{"start":{"line":56,"column":6},"end":{"line":56,"column":null}},"11":{"start":{"line":56,"column":19},"end":{"line":56,"column":null}},"12":{"start":{"line":57,"column":23},"end":{"line":57,"column":76}},"13":{"start":{"line":58,"column":6},"end":{"line":58,"column":null}},"14":{"start":{"line":63,"column":29},"end":{"line":77,"column":4}},"15":{"start":{"line":65,"column":6},"end":{"line":65,"column":null}},"16":{"start":{"line":65,"column":19},"end":{"line":65,"column":null}},"17":{"start":{"line":66,"column":23},"end":{"line":68,"column":null}},"18":{"start":{"line":70,"column":6},"end":{"line":70,"column":null}},"19":{"start":{"line":73,"column":6},"end":{"line":75,"column":null}},"20":{"start":{"line":74,"column":8},"end":{"line":74,"column":81}},"21":{"start":{"line":74,"column":25},"end":{"line":74,"column":80}},"22":{"start":{"line":79,"column":29},"end":{"line":91,"column":4}},"23":{"start":{"line":81,"column":6},"end":{"line":81,"column":null}},"24":{"start":{"line":81,"column":19},"end":{"line":81,"column":null}},"25":{"start":{"line":82,"column":6},"end":{"line":84,"column":null}},"26":{"start":{"line":87,"column":6},"end":{"line":89,"column":null}},"27":{"start":{"line":88,"column":8},"end":{"line":88,"column":51}},"28":{"start":{"line":88,"column":28},"end":{"line":88,"column":50}},"29":{"start":{"line":93,"column":25},"end":{"line":101,"column":3}},"30":{"start":{"line":94,"column":4},"end":{"line":100,"column":null}},"31":{"start":{"line":103,"column":2},"end":{"line":112,"column":null}}},"fnMap":{"0":{"name":"(anonymous_0)","decl":{"start":{"line":36,"column":25},"end":{"line":36,"column":47}},"loc":{"start":{"line":36,"column":47},"end":{"line":113,"column":1}}},"1":{"name":"(anonymous_1)","decl":{"start":{"line":41,"column":22},"end":{"line":41,"column":23}},"loc":{"start":{"line":41,"column":81},"end":{"line":51,"column":3}}},"2":{"name":"(anonymous_2)","decl":{"start":{"line":55,"column":13},"end":{"line":55,"column":24}},"loc":{"start":{"line":55,"column":24},"end":{"line":59,"column":5}}},"3":{"name":"(anonymous_3)","decl":{"start":{"line":64,"column":16},"end":{"line":64,"column":23}},"loc":{"start":{"line":64,"column":44},"end":{"line":71,"column":5}}},"4":{"name":"(anonymous_4)","decl":{"start":{"line":72,"column":16},"end":{"line":72,"column":27}},"loc":{"start":{"line":72,"column":31},"end":{"line":76,"column":null}}},"5":{"name":"(anonymous_5)","decl":{"start":{"line":73,"column":53},"end":{"line":73,"column":76}},"loc":{"start":{"line":74,"column":8},"end":{"line":74,"column":81}}},"6":{"name":"(anonymous_6)","decl":{"start":{"line":74,"column":17},"end":{"line":74,"column":21}},"loc":{"start":{"line":74,"column":25},"end":{"line":74,"column":80}}},"7":{"name":"(anonymous_7)","decl":{"start":{"line":80,"column":16},"end":{"line":80,"column":23}},"loc":{"start":{"line":80,"column":41},"end":{"line":85,"column":5}}},"8":{"name":"(anonymous_8)","decl":{"start":{"line":86,"column":15},"end":{"line":86,"column":16}},"loc":{"start":{"line":86,"column":29},"end":{"line":90,"column":null}}},"9":{"name":"(anonymous_9)","decl":{"start":{"line":87,"column":53},"end":{"line":87,"column":76}},"loc":{"start":{"line":88,"column":8},"end":{"line":88,"column":51}}},"10":{"name":"(anonymous_10)","decl":{"start":{"line":88,"column":20},"end":{"line":88,"column":24}},"loc":{"start":{"line":88,"column":28},"end":{"line":88,"column":50}}},"11":{"name":"(anonymous_11)","decl":{"start":{"line":93,"column":25},"end":{"line":93,"column":35}},"loc":{"start":{"line":93,"column":49},"end":{"line":101,"column":3}}}},"branchMap":{"0":{"loc":{"start":{"line":42,"column":4},"end":{"line":42,"column":null}},"type":"if","locations":[{"start":{"line":42,"column":4},"end":{"line":42,"column":null}}]},"1":{"loc":{"start":{"line":46,"column":12},"end":{"line":46,"column":34}},"type":"binary-expr","locations":[{"start":{"line":46,"column":12},"end":{"line":46,"column":28}},{"start":{"line":46,"column":32},"end":{"line":46,"column":34}}]},"2":{"loc":{"start":{"line":47,"column":12},"end":{"line":47,"column":34}},"type":"binary-expr","locations":[{"start":{"line":47,"column":12},"end":{"line":47,"column":28}},{"start":{"line":47,"column":32},"end":{"line":47,"column":34}}]},"3":{"loc":{"start":{"line":48,"column":21},"end":{"line":48,"column":46}},"type":"binary-expr","locations":[{"start":{"line":48,"column":21},"end":{"line":48,"column":41}},{"start":{"line":48,"column":45},"end":{"line":48,"column":46}}]},"4":{"loc":{"start":{"line":56,"column":6},"end":{"line":56,"column":null}},"type":"if","locations":[{"start":{"line":56,"column":6},"end":{"line":56,"column":null}}]},"5":{"loc":{"start":{"line":65,"column":6},"end":{"line":65,"column":null}},"type":"if","locations":[{"start":{"line":65,"column":6},"end":{"line":65,"column":null}}]},"6":{"loc":{"start":{"line":74,"column":25},"end":{"line":74,"column":80}},"type":"cond-expr","locations":[{"start":{"line":74,"column":62},"end":{"line":74,"column":73}},{"start":{"line":74,"column":76},"end":{"line":74,"column":80}}]},"7":{"loc":{"start":{"line":81,"column":6},"end":{"line":81,"column":null}},"type":"if","locations":[{"start":{"line":81,"column":6},"end":{"line":81,"column":null}}]},"8":{"loc":{"start":{"line":95,"column":10},"end":{"line":95,"column":62}},"type":"cond-expr","locations":[{"start":{"line":95,"column":20},"end":{"line":95,"column":57}},{"start":{"line":95,"column":60},"end":{"line":95,"column":62}}]},"9":{"loc":{"start":{"line":96,"column":10},"end":{"line":96,"column":64}},"type":"cond-expr","locations":[{"start":{"line":96,"column":20},"end":{"line":96,"column":59}},{"start":{"line":96,"column":62},"end":{"line":96,"column":64}}]},"10":{"loc":{"start":{"line":97,"column":10},"end":{"line":97,"column":64}},"type":"cond-expr","locations":[{"start":{"line":97,"column":20},"end":{"line":97,"column":59}},{"start":{"line":97,"column":62},"end":{"line":97,"column":64}}]},"11":{"loc":{"start":{"line":98,"column":10},"end":{"line":98,"column":60}},"type":"cond-expr","locations":[{"start":{"line":98,"column":20},"end":{"line":98,"column":55}},{"start":{"line":98,"column":58},"end":{"line":98,"column":60}}]},"12":{"loc":{"start":{"line":99,"column":10},"end":{"line":99,"column":55}},"type":"cond-expr","locations":[{"start":{"line":99,"column":19},"end":{"line":99,"column":50}},{"start":{"line":99,"column":53},"end":{"line":99,"column":55}}]}},"s":{"0":0,"1":0,"2":0,"3":0,"4":0,"5":0,"6":0,"7":0,"8":0,"9":0,"10":0,"11":0,"12":0,"13":0,"14":0,"15":0,"16":0,"17":0,"18":0,"19":0,"20":0,"21":0,"22":0,"23":0,"24":0,"25":0,"26":0,"27":0,"28":0,"29":0,"30":0,"31":0},"f":{"0":0,"1":0,"2":0,"3":0,"4":0,"5":0,"6":0,"7":0,"8":0,"9":0,"10":0,"11":0},"b":{"0":[0],"1":[0,0],"2":[0,0],"3":[0,0],"4":[0],"5":[0],"6":[0,0],"7":[0],"8":[0,0],"9":[0,0],"10":[0,0],"11":[0,0],"12":[0,0]}}
,"C:\\Users\\dharu\\Documents\\GitHub\\fullstack-tech-champs-p2-frontend\\src\\hooks\\use-mobile.ts": {"path":"C:\\Users\\dharu\\Documents\\GitHub\\fullstack-tech-champs-p2-frontend\\src\\hooks\\use-mobile.ts","statementMap":{"0":{"start":{"line":3,"column":26},"end":{"line":3,"column":29}},"1":{"start":{"line":6,"column":34},"end":{"line":6,"column":80}},"2":{"start":{"line":8,"column":2},"end":{"line":16,"column":null}},"3":{"start":{"line":9,"column":16},"end":{"line":9,"column":76}},"4":{"start":{"line":10,"column":21},"end":{"line":12,"column":5}},"5":{"start":{"line":11,"column":6},"end":{"line":11,"column":null}},"6":{"start":{"line":13,"column":4},"end":{"line":13,"column":null}},"7":{"start":{"line":14,"column":4},"end":{"line":14,"column":null}},"8":{"start":{"line":15,"column":4},"end":{"line":15,"column":null}},"9":{"start":{"line":15,"column":17},"end":{"line":15,"column":60}},"10":{"start":{"line":18,"column":2},"end":{"line":18,"column":null}}},"fnMap":{"0":{"name":"useIsMobile","decl":{"start":{"line":5,"column":16},"end":{"line":5,"column":27}},"loc":{"start":{"line":5,"column":27},"end":{"line":19,"column":null}}},"1":{"name":"(anonymous_1)","decl":{"start":{"line":8,"column":18},"end":{"line":8,"column":23}},"loc":{"start":{"line":8,"column":23},"end":{"line":16,"column":3}}},"2":{"name":"(anonymous_2)","decl":{"start":{"line":10,"column":21},"end":{"line":10,"column":26}},"loc":{"start":{"line":10,"column":26},"end":{"line":12,"column":5}}},"3":{"name":"(anonymous_3)","decl":{"start":{"line":15,"column":11},"end":{"line":15,"column":17}},"loc":{"start":{"line":15,"column":17},"end":{"line":15,"column":60}}}},"branchMap":{},"s":{"0":0,"1":0,"2":0,"3":0,"4":0,"5":0,"6":0,"7":0,"8":0,"9":0,"10":0},"f":{"0":0,"1":0,"2":0,"3":0},"b":{}}
,"C:\\Users\\dharu\\Documents\\GitHub\\fullstack-tech-champs-p2-frontend\\src\\hooks\\use-sidebar.ts": {"path":"C:\\Users\\dharu\\Documents\\GitHub\\fullstack-tech-champs-p2-frontend\\src\\hooks\\use-sidebar.ts","statementMap":{"0":{"start":{"line":5,"column":16},"end":{"line":5,"column":48}},"1":{"start":{"line":7,"column":26},"end":{"line":22,"column":1}},"2":{"start":{"line":8,"column":32},"end":{"line":8,"column":48}},"3":{"start":{"line":9,"column":34},"end":{"line":9,"column":49}},"4":{"start":{"line":11,"column":4},"end":{"line":13,"column":null}},"5":{"start":{"line":12,"column":8},"end":{"line":12,"column":null}},"6":{"start":{"line":15,"column":19},"end":{"line":15,"column":51}},"7":{"start":{"line":15,"column":25},"end":{"line":15,"column":51}},"8":{"start":{"line":15,"column":45},"end":{"line":15,"column":50}},"9":{"start":{"line":17,"column":4},"end":{"line":21,"column":null}}},"fnMap":{"0":{"name":"(anonymous_0)","decl":{"start":{"line":7,"column":26},"end":{"line":7,"column":31}},"loc":{"start":{"line":7,"column":31},"end":{"line":22,"column":1}}},"1":{"name":"(anonymous_1)","decl":{"start":{"line":11,"column":14},"end":{"line":11,"column":19}},"loc":{"start":{"line":11,"column":19},"end":{"line":13,"column":5}}},"2":{"name":"(anonymous_2)","decl":{"start":{"line":15,"column":19},"end":{"line":15,"column":25}},"loc":{"start":{"line":15,"column":25},"end":{"line":15,"column":51}}},"3":{"name":"(anonymous_3)","decl":{"start":{"line":15,"column":36},"end":{"line":15,"column":40}},"loc":{"start":{"line":15,"column":45},"end":{"line":15,"column":50}}}},"branchMap":{},"s":{"0":0,"1":0,"2":0,"3":0,"4":0,"5":0,"6":0,"7":0,"8":0,"9":0},"f":{"0":0,"1":0,"2":0,"3":0},"b":{}}
,"C:\\Users\\dharu\\Documents\\GitHub\\fullstack-tech-champs-p2-frontend\\src\\hooks\\useDialogLogout.tsx": {"path":"C:\\Users\\dharu\\Documents\\GitHub\\fullstack-tech-champs-p2-frontend\\src\\hooks\\useDialogLogout.tsx","statementMap":{"0":{"start":{"line":24,"column":31},"end":{"line":75,"column":1}},"1":{"start":{"line":28,"column":30},"end":{"line":30,"column":19}},"2":{"start":{"line":32,"column":20},"end":{"line":33,"column":62}},"3":{"start":{"line":33,"column":6},"end":{"line":33,"column":62}},"4":{"start":{"line":33,"column":40},"end":{"line":33,"column":61}},"5":{"start":{"line":34,"column":24},"end":{"line":37,"column":4}},"6":{"start":{"line":35,"column":4},"end":{"line":35,"column":null}},"7":{"start":{"line":36,"column":4},"end":{"line":36,"column":null}},"8":{"start":{"line":38,"column":24},"end":{"line":41,"column":4}},"9":{"start":{"line":39,"column":4},"end":{"line":39,"column":null}},"10":{"start":{"line":40,"column":4},"end":{"line":40,"column":null}},"11":{"start":{"line":42,"column":23},"end":{"line":68,"column":null}},"12":{"start":{"line":50,"column":8},"end":{"line":68,"column":null}},"13":{"start":{"line":71,"column":3},"end":{"line":74,"column":null}}},"fnMap":{"0":{"name":"(anonymous_0)","decl":{"start":{"line":24,"column":31},"end":{"line":24,"column":null}},"loc":{"start":{"line":27,"column":6},"end":{"line":75,"column":1}}},"1":{"name":"(anonymous_1)","decl":{"start":{"line":32,"column":20},"end":{"line":32,"column":null}},"loc":{"start":{"line":33,"column":6},"end":{"line":33,"column":62}}},"2":{"name":"(anonymous_2)","decl":{"start":{"line":33,"column":28},"end":{"line":33,"column":35}},"loc":{"start":{"line":33,"column":40},"end":{"line":33,"column":61}}},"3":{"name":"(anonymous_3)","decl":{"start":{"line":34,"column":24},"end":{"line":34,"column":29}},"loc":{"start":{"line":34,"column":29},"end":{"line":37,"column":4}}},"4":{"name":"(anonymous_4)","decl":{"start":{"line":38,"column":24},"end":{"line":38,"column":29}},"loc":{"start":{"line":38,"column":29},"end":{"line":41,"column":4}}},"5":{"name":"(anonymous_5)","decl":{"start":{"line":42,"column":23},"end":{"line":42,"column":24}},"loc":{"start":{"line":50,"column":8},"end":{"line":68,"column":null}}}},"branchMap":{"0":{"loc":{"start":{"line":45,"column":4},"end":{"line":45,"column":26}},"type":"default-arg","locations":[{"start":{"line":45,"column":17},"end":{"line":45,"column":26}}]},"1":{"loc":{"start":{"line":46,"column":4},"end":{"line":46,"column":24}},"type":"default-arg","locations":[{"start":{"line":46,"column":16},"end":{"line":46,"column":24}}]},"2":{"loc":{"start":{"line":47,"column":4},"end":{"line":47,"column":23}},"type":"default-arg","locations":[{"start":{"line":47,"column":18},"end":{"line":47,"column":23}}]},"3":{"loc":{"start":{"line":63,"column":33},"end":{"line":63,"column":70}},"type":"cond-expr","locations":[{"start":{"line":63,"column":47},"end":{"line":63,"column":60}},{"start":{"line":63,"column":61},"end":{"line":63,"column":70}}]}},"s":{"0":0,"1":0,"2":0,"3":0,"4":0,"5":0,"6":0,"7":0,"8":0,"9":0,"10":0,"11":0,"12":0,"13":0},"f":{"0":0,"1":0,"2":0,"3":0,"4":0,"5":0},"b":{"0":[0],"1":[0],"2":[0],"3":[0,0]}}
,"C:\\Users\\dharu\\Documents\\GitHub\\fullstack-tech-champs-p2-frontend\\src\\hooks\\useLogout.ts": {"path":"C:\\Users\\dharu\\Documents\\GitHub\\fullstack-tech-champs-p2-frontend\\src\\hooks\\useLogout.ts","statementMap":{"0":{"start":{"line":5,"column":25},"end":{"line":23,"column":1}},"1":{"start":{"line":6,"column":22},"end":{"line":6,"column":38}},"2":{"start":{"line":7,"column":19},"end":{"line":7,"column":32}},"3":{"start":{"line":9,"column":2},"end":{"line":22,"column":null}},"4":{"start":{"line":12,"column":6},"end":{"line":12,"column":39}},"5":{"start":{"line":15,"column":6},"end":{"line":15,"column":66}},"6":{"start":{"line":16,"column":6},"end":{"line":16,"column":null}},"7":{"start":{"line":17,"column":6},"end":{"line":17,"column":33}},"8":{"start":{"line":20,"column":6},"end":{"line":20,"column":null}}},"fnMap":{"0":{"name":"(anonymous_0)","decl":{"start":{"line":5,"column":25},"end":{"line":5,"column":30}},"loc":{"start":{"line":5,"column":30},"end":{"line":23,"column":1}}},"1":{"name":"(anonymous_1)","decl":{"start":{"line":10,"column":16},"end":{"line":10,"column":27}},"loc":{"start":{"line":10,"column":27},"end":{"line":13,"column":5}}},"2":{"name":"(anonymous_2)","decl":{"start":{"line":14,"column":15},"end":{"line":14,"column":20}},"loc":{"start":{"line":14,"column":20},"end":{"line":18,"column":5}}},"3":{"name":"(anonymous_3)","decl":{"start":{"line":19,"column":13},"end":{"line":19,"column":18}},"loc":{"start":{"line":19,"column":18},"end":{"line":21,"column":null}}}},"branchMap":{},"s":{"0":0,"1":0,"2":0,"3":0,"4":0,"5":0,"6":0,"7":0,"8":0},"f":{"0":0,"1":0,"2":0,"3":0},"b":{}}
,"C:\\Users\\dharu\\Documents\\GitHub\\fullstack-tech-champs-p2-frontend\\src\\lib\\utils.ts": {"path":"C:\\Users\\dharu\\Documents\\GitHub\\fullstack-tech-champs-p2-frontend\\src\\lib\\utils.ts","statementMap":{"0":{"start":{"line":5,"column":2},"end":{"line":5,"column":null}}},"fnMap":{"0":{"name":"cn","decl":{"start":{"line":4,"column":16},"end":{"line":4,"column":18}},"loc":{"start":{"line":4,"column":42},"end":{"line":6,"column":null}}}},"branchMap":{},"s":{"0":0},"f":{"0":0},"b":{}}
,"C:\\Users\\dharu\\Documents\\GitHub\\fullstack-tech-champs-p2-frontend\\src\\routes\\__root.tsx": {"path":"C:\\Users\\dharu\\Documents\\GitHub\\fullstack-tech-champs-p2-frontend\\src\\routes\\__root.tsx","statementMap":{"0":{"start":{"line":7,"column":21},"end":{"line":10,"column":2}},"1":{"start":{"line":8,"column":19},"end":{"line":8,"column":null}},"2":{"start":{"line":12,"column":19},"end":{"line":21,"column":1}},"3":{"start":{"line":13,"column":22},"end":{"line":13,"column":39}},"4":{"start":{"line":14,"column":2},"end":{"line":19,"column":null}}},"fnMap":{"0":{"name":"(anonymous_0)","decl":{"start":{"line":8,"column":13},"end":{"line":8,"column":19}},"loc":{"start":{"line":8,"column":19},"end":{"line":8,"column":null}}},"1":{"name":"(anonymous_1)","decl":{"start":{"line":12,"column":19},"end":{"line":12,"column":24}},"loc":{"start":{"line":12,"column":24},"end":{"line":21,"column":1}}}},"branchMap":{},"s":{"0":0,"1":0,"2":0,"3":0,"4":0},"f":{"0":0,"1":0},"b":{}}
,"C:\\Users\\dharu\\Documents\\GitHub\\fullstack-tech-champs-p2-frontend\\src\\routes\\(auth)\\_auth.create-team.tsx": {"path":"C:\\Users\\dharu\\Documents\\GitHub\\fullstack-tech-champs-p2-frontend\\src\\routes\\(auth)\\_auth.create-team.tsx","statementMap":{"0":{"start":{"line":20,"column":21},"end":{"line":24,"column":null}},"1":{"start":{"line":26,"column":21},"end":{"line":28,"column":2}},"2":{"start":{"line":32,"column":34},"end":{"line":32,"column":56}},"3":{"start":{"line":33,"column":32},"end":{"line":33,"column":47}},"4":{"start":{"line":46,"column":6},"end":{"line":46,"column":14}},"5":{"start":{"line":49,"column":20},"end":{"line":66,"column":3}},"6":{"start":{"line":50,"column":34},"end":{"line":50,"column":42}},"7":{"start":{"line":52,"column":4},"end":{"line":65,"column":null}},"8":{"start":{"line":53,"column":20},"end":{"line":53,"column":60}},"9":{"start":{"line":55,"column":6},"end":{"line":62,"column":null}},"10":{"start":{"line":56,"column":23},"end":{"line":56,"column":39}},"11":{"start":{"line":57,"column":8},"end":{"line":60,"column":null}},"12":{"start":{"line":59,"column":10},"end":{"line":59,"column":null}},"13":{"start":{"line":59,"column":31},"end":{"line":59,"column":72}},"14":{"start":{"line":61,"column":8},"end":{"line":61,"column":null}},"15":{"start":{"line":64,"column":6},"end":{"line":64,"column":null}},"16":{"start":{"line":69,"column":19},"end":{"line":129,"column":3}},"17":{"start":{"line":70,"column":4},"end":{"line":70,"column":null}},"18":{"start":{"line":73,"column":27},"end":{"line":75,"column":null}},"19":{"start":{"line":78,"column":4},"end":{"line":89,"column":null}},"20":{"start":{"line":79,"column":6},"end":{"line":88,"column":null}},"21":{"start":{"line":84,"column":8},"end":{"line":84,"column":null}},"22":{"start":{"line":87,"column":8},"end":{"line":87,"column":null}},"23":{"start":{"line":91,"column":4},"end":{"line":97,"column":null}},"24":{"start":{"line":93,"column":8},"end":{"line":93,"column":null}},"25":{"start":{"line":96,"column":8},"end":{"line":96,"column":null}},"26":{"start":{"line":101,"column":4},"end":{"line":101,"column":21}},"27":{"start":{"line":103,"column":4},"end":{"line":128,"column":null}},"28":{"start":{"line":104,"column":6},"end":{"line":104,"column":null}},"29":{"start":{"line":107,"column":6},"end":{"line":107,"column":null}},"30":{"start":{"line":110,"column":6},"end":{"line":110,"column":null}},"31":{"start":{"line":118,"column":6},"end":{"line":120,"column":46}},"32":{"start":{"line":122,"column":6},"end":{"line":122,"column":null}},"33":{"start":{"line":127,"column":6},"end":{"line":127,"column":24}},"34":{"start":{"line":132,"column":22},"end":{"line":201,"column":3}},"35":{"start":{"line":143,"column":4},"end":{"line":143,"column":null}},"36":{"start":{"line":145,"column":4},"end":{"line":200,"column":null}},"37":{"start":{"line":147,"column":6},"end":{"line":147,"column":null}},"38":{"start":{"line":151,"column":25},"end":{"line":151,"column":60}},"39":{"start":{"line":152,"column":24},"end":{"line":152,"column":37}},"40":{"start":{"line":155,"column":22},"end":{"line":155,"column":23}},"41":{"start":{"line":156,"column":27},"end":{"line":162,"column":8}},"42":{"start":{"line":163,"column":6},"end":{"line":163,"column":null}},"43":{"start":{"line":166,"column":23},"end":{"line":166,"column":38}},"44":{"start":{"line":167,"column":26},"end":{"line":167,"column":28}},"45":{"start":{"line":169,"column":6},"end":{"line":190,"column":null}},"46":{"start":{"line":169,"column":19},"end":{"line":169,"column":20}},"47":{"start":{"line":170,"column":8},"end":{"line":189,"column":null}},"48":{"start":{"line":173,"column":28},"end":{"line":173,"column":58}},"49":{"start":{"line":174,"column":27},"end":{"line":174,"column":37}},"50":{"start":{"line":177,"column":33},"end":{"line":183,"column":14}},"51":{"start":{"line":184,"column":32},"end":{"line":184,"column":47}},"52":{"start":{"line":187,"column":12},"end":{"line":187,"column":null}},"53":{"start":{"line":192,"column":6},"end":{"line":192,"column":null}},"54":{"start":{"line":195,"column":6},"end":{"line":195,"column":null}},"55":{"start":{"line":196,"column":6},"end":{"line":196,"column":null}},"56":{"start":{"line":197,"column":6},"end":{"line":197,"column":null}},"57":{"start":{"line":199,"column":6},"end":{"line":199,"column":null}},"58":{"start":{"line":203,"column":2},"end":{"line":303,"column":null}},"59":{"start":{"line":227,"column":29},"end":{"line":227,"column":68}},"60":{"start":{"line":245,"column":31},"end":{"line":245,"column":66}}},"fnMap":{"0":{"name":"RouteComponent","decl":{"start":{"line":30,"column":9},"end":{"line":30,"column":23}},"loc":{"start":{"line":30,"column":23},"end":{"line":305,"column":null}}},"1":{"name":"(anonymous_1)","decl":{"start":{"line":49,"column":20},"end":{"line":49,"column":100}},"loc":{"start":{"line":49,"column":104},"end":{"line":66,"column":3}}},"2":{"name":"(anonymous_2)","decl":{"start":{"line":57,"column":27},"end":{"line":57,"column":32}},"loc":{"start":{"line":57,"column":32},"end":{"line":60,"column":9}}},"3":{"name":"(anonymous_3)","decl":{"start":{"line":59,"column":22},"end":{"line":59,"column":26}},"loc":{"start":{"line":59,"column":31},"end":{"line":59,"column":72}}},"4":{"name":"(anonymous_4)","decl":{"start":{"line":69,"column":19},"end":{"line":69,"column":26}},"loc":{"start":{"line":69,"column":35},"end":{"line":129,"column":3}}},"5":{"name":"(anonymous_5)","decl":{"start":{"line":132,"column":22},"end":{"line":132,"column":29}},"loc":{"start":{"line":141,"column":5},"end":{"line":201,"column":3}}},"6":{"name":"(anonymous_6)","decl":{"start":{"line":171,"column":11},"end":{"line":171,"column":22}},"loc":{"start":{"line":171,"column":22},"end":{"line":188,"column":11}}},"7":{"name":"(anonymous_7)","decl":{"start":{"line":227,"column":23},"end":{"line":227,"column":29}},"loc":{"start":{"line":227,"column":29},"end":{"line":227,"column":68}}},"8":{"name":"(anonymous_8)","decl":{"start":{"line":245,"column":25},"end":{"line":245,"column":31}},"loc":{"start":{"line":245,"column":31},"end":{"line":245,"column":66}}}},"branchMap":{"0":{"loc":{"start":{"line":52,"column":4},"end":{"line":65,"column":null}},"type":"if","locations":[{"start":{"line":52,"column":4},"end":{"line":65,"column":null}},{"start":{"line":63,"column":11},"end":{"line":65,"column":null}}]},"1":{"loc":{"start":{"line":55,"column":6},"end":{"line":62,"column":null}},"type":"if","locations":[{"start":{"line":55,"column":6},"end":{"line":62,"column":null}}]},"2":{"loc":{"start":{"line":79,"column":6},"end":{"line":88,"column":null}},"type":"if","locations":[{"start":{"line":79,"column":6},"end":{"line":88,"column":null}}]},"3":{"loc":{"start":{"line":80,"column":8},"end":{"line":81,"column":61}},"type":"binary-expr","locations":[{"start":{"line":80,"column":8},"end":{"line":80,"column":26}},{"start":{"line":81,"column":9},"end":{"line":81,"column":40}},{"start":{"line":81,"column":44},"end":{"line":81,"column":61}}]},"4":{"loc":{"start":{"line":91,"column":4},"end":{"line":97,"column":null}},"type":"if","locations":[{"start":{"line":91,"column":4},"end":{"line":97,"column":null}}]},"5":{"loc":{"start":{"line":118,"column":6},"end":{"line":120,"column":46}},"type":"binary-expr","locations":[{"start":{"line":118,"column":6},"end":{"line":118,"column":32}},{"start":{"line":119,"column":6},"end":{"line":119,"column":18}},{"start":{"line":120,"column":6},"end":{"line":120,"column":46}}]},"6":{"loc":{"start":{"line":214,"column":15},"end":{"line":221,"column":null}},"type":"cond-expr","locations":[{"start":{"line":215,"column":16},"end":{"line":218,"column":null}},{"start":{"line":221,"column":16},"end":{"line":221,"column":null}}]},"7":{"loc":{"start":{"line":230,"column":15},"end":{"line":230,"column":52}},"type":"cond-expr","locations":[{"start":{"line":230,"column":21},"end":{"line":230,"column":35}},{"start":{"line":230,"column":38},"end":{"line":230,"column":52}}]},"8":{"loc":{"start":{"line":241,"column":13},"end":{"line":246,"column":null}},"type":"binary-expr","locations":[{"start":{"line":241,"column":13},"end":{"line":241,"column":16}},{"start":{"line":242,"column":14},"end":{"line":246,"column":null}}]}},"s":{"0":0,"1":0,"2":0,"3":0,"4":0,"5":0,"6":0,"7":0,"8":0,"9":0,"10":0,"11":0,"12":0,"13":0,"14":0,"15":0,"16":0,"17":0,"18":0,"19":0,"20":0,"21":0,"22":0,"23":0,"24":0,"25":0,"26":0,"27":0,"28":0,"29":0,"30":0,"31":0,"32":0,"33":0,"34":0,"35":0,"36":0,"37":0,"38":0,"39":0,"40":0,"41":0,"42":0,"43":0,"44":0,"45":0,"46":0,"47":0,"48":0,"49":0,"50":0,"51":0,"52":0,"53":0,"54":0,"55":0,"56":0,"57":0,"58":0,"59":0,"60":0},"f":{"0":0,"1":0,"2":0,"3":0,"4":0,"5":0,"6":0,"7":0,"8":0},"b":{"0":[0,0],"1":[0],"2":[0],"3":[0,0,0],"4":[0],"5":[0,0,0],"6":[0,0],"7":[0,0],"8":[0,0]}}
,"C:\\Users\\dharu\\Documents\\GitHub\\fullstack-tech-champs-p2-frontend\\src\\routes\\(auth)\\_auth.draft.tsx": {"path":"C:\\Users\\dharu\\Documents\\GitHub\\fullstack-tech-champs-p2-frontend\\src\\routes\\(auth)\\_auth.draft.tsx","statementMap":{"0":{"start":{"line":19,"column":19},"end":{"line":22,"column":null}},"1":{"start":{"line":25,"column":21},"end":{"line":27,"column":2}},"2":{"start":{"line":30,"column":40},"end":{"line":30,"column":52}},"3":{"start":{"line":31,"column":48},"end":{"line":31,"column":63}},"4":{"start":{"line":33,"column":30},"end":{"line":36,"column":5}},"5":{"start":{"line":34,"column":8},"end":{"line":34,"column":null}},"6":{"start":{"line":38,"column":2},"end":{"line":125,"column":null}},"7":{"start":{"line":71,"column":29},"end":{"line":71,"column":59}},"8":{"start":{"line":100,"column":12},"end":{"line":100,"column":29}},"9":{"start":{"line":116,"column":33},"end":{"line":116,"column":62}}},"fnMap":{"0":{"name":"RouteComponent","decl":{"start":{"line":29,"column":9},"end":{"line":29,"column":23}},"loc":{"start":{"line":29,"column":23},"end":{"line":127,"column":null}}},"1":{"name":"(anonymous_1)","decl":{"start":{"line":33,"column":30},"end":{"line":33,"column":44}},"loc":{"start":{"line":33,"column":48},"end":{"line":36,"column":5}}},"2":{"name":"(anonymous_2)","decl":{"start":{"line":71,"column":23},"end":{"line":71,"column":24}},"loc":{"start":{"line":71,"column":29},"end":{"line":71,"column":59}}},"3":{"name":"(anonymous_3)","decl":{"start":{"line":99,"column":26},"end":{"line":99,"column":27}},"loc":{"start":{"line":100,"column":12},"end":{"line":100,"column":29}}},"4":{"name":"(anonymous_4)","decl":{"start":{"line":116,"column":27},"end":{"line":116,"column":33}},"loc":{"start":{"line":116,"column":33},"end":{"line":116,"column":62}}}},"branchMap":{},"s":{"0":0,"1":0,"2":0,"3":0,"4":0,"5":0,"6":0,"7":0,"8":0,"9":0},"f":{"0":0,"1":0,"2":0,"3":0,"4":0},"b":{}}
,"C:\\Users\\dharu\\Documents\\GitHub\\fullstack-tech-champs-p2-frontend\\src\\routes\\(auth)\\_auth.leaderboard.tsx": {"path":"C:\\Users\\dharu\\Documents\\GitHub\\fullstack-tech-champs-p2-frontend\\src\\routes\\(auth)\\_auth.leaderboard.tsx","statementMap":{"0":{"start":{"line":25,"column":21},"end":{"line":27,"column":2}},"1":{"start":{"line":30,"column":42},"end":{"line":30,"column":81}},"2":{"start":{"line":31,"column":39},"end":{"line":31,"column":67}},"3":{"start":{"line":33,"column":2},"end":{"line":41,"column":null}},"4":{"start":{"line":34,"column":4},"end":{"line":39,"column":null}},"5":{"start":{"line":43,"column":16},"end":{"line":43,"column":32}},"6":{"start":{"line":44,"column":26},"end":{"line":44,"column":47}},"7":{"start":{"line":46,"column":2},"end":{"line":137,"column":null}},"8":{"start":{"line":67,"column":12},"end":{"line":67,"column":null}},"9":{"start":{"line":75,"column":50},"end":{"line":75,"column":55}},"10":{"start":{"line":76,"column":14},"end":{"line":76,"column":37}},"11":{"start":{"line":102,"column":16},"end":{"line":102,"column":null}},"12":{"start":{"line":119,"column":16},"end":{"line":120,"column":null}}},"fnMap":{"0":{"name":"LeaderboardPage","decl":{"start":{"line":29,"column":9},"end":{"line":29,"column":24}},"loc":{"start":{"line":29,"column":24},"end":{"line":139,"column":null}}},"1":{"name":"(anonymous_1)","decl":{"start":{"line":66,"column":26},"end":{"line":66,"column":31}},"loc":{"start":{"line":66,"column":35},"end":{"line":68,"column":11}}},"2":{"name":"(anonymous_2)","decl":{"start":{"line":75,"column":40},"end":{"line":75,"column":41}},"loc":{"start":{"line":75,"column":50},"end":{"line":75,"column":55}}},"3":{"name":"(anonymous_3)","decl":{"start":{"line":75,"column":62},"end":{"line":75,"column":66}},"loc":{"start":{"line":76,"column":14},"end":{"line":76,"column":37}}},"4":{"name":"(anonymous_4)","decl":{"start":{"line":101,"column":45},"end":{"line":101,"column":46}},"loc":{"start":{"line":102,"column":16},"end":{"line":102,"column":null}}},"5":{"name":"(anonymous_5)","decl":{"start":{"line":118,"column":25},"end":{"line":118,"column":29}},"loc":{"start":{"line":119,"column":16},"end":{"line":120,"column":null}}}},"branchMap":{"0":{"loc":{"start":{"line":33,"column":2},"end":{"line":41,"column":null}},"type":"if","locations":[{"start":{"line":33,"column":2},"end":{"line":41,"column":null}}]},"1":{"loc":{"start":{"line":43,"column":16},"end":{"line":43,"column":32}},"type":"binary-expr","locations":[{"start":{"line":43,"column":16},"end":{"line":43,"column":26}},{"start":{"line":43,"column":30},"end":{"line":43,"column":32}}]},"2":{"loc":{"start":{"line":51,"column":11},"end":{"line":56,"column":null}},"type":"binary-expr","locations":[{"start":{"line":51,"column":11},"end":{"line":51,"column":26}},{"start":{"line":52,"column":12},"end":{"line":56,"column":null}}]},"3":{"loc":{"start":{"line":65,"column":17},"end":{"line":65,"column":50}},"type":"binary-expr","locations":[{"start":{"line":65,"column":17},"end":{"line":65,"column":41}},{"start":{"line":65,"column":45},"end":{"line":65,"column":50}}]},"4":{"loc":{"start":{"line":67,"column":28},"end":{"line":67,"column":73}},"type":"cond-expr","locations":[{"start":{"line":67,"column":46},"end":{"line":67,"column":55}},{"start":{"line":67,"column":58},"end":{"line":67,"column":73}}]},"5":{"loc":{"start":{"line":87,"column":13},"end":{"line":89,"column":44}},"type":"cond-expr","locations":[{"start":{"line":88,"column":16},"end":{"line":88,"column":54}},{"start":{"line":89,"column":16},"end":{"line":89,"column":44}}]},"6":{"loc":{"start":{"line":100,"column":13},"end":{"line":132,"column":null}},"type":"cond-expr","locations":[{"start":{"line":101,"column":14},"end":{"line":116,"column":16}},{"start":{"line":118,"column":14},"end":{"line":132,"column":null}}]},"7":{"loc":{"start":{"line":122,"column":20},"end":{"line":122,"column":74}},"type":"cond-expr","locations":[{"start":{"line":122,"column":54},"end":{"line":122,"column":69}},{"start":{"line":122,"column":72},"end":{"line":122,"column":74}}]}},"s":{"0":0,"1":0,"2":0,"3":0,"4":0,"5":0,"6":0,"7":0,"8":0,"9":0,"10":0,"11":0,"12":0},"f":{"0":0,"1":0,"2":0,"3":0,"4":0,"5":0},"b":{"0":[0],"1":[0,0],"2":[0,0],"3":[0,0],"4":[0,0],"5":[0,0],"6":[0,0],"7":[0,0]}}
,"C:\\Users\\dharu\\Documents\\GitHub\\fullstack-tech-champs-p2-frontend\\src\\routes\\(auth)\\_auth.match-history.tsx": {"path":"C:\\Users\\dharu\\Documents\\GitHub\\fullstack-tech-champs-p2-frontend\\src\\routes\\(auth)\\_auth.match-history.tsx","statementMap":{"0":{"start":{"line":3,"column":21},"end":{"line":5,"column":2}},"1":{"start":{"line":8,"column":2},"end":{"line":8,"column":null}}},"fnMap":{"0":{"name":"RouteComponent","decl":{"start":{"line":7,"column":9},"end":{"line":7,"column":23}},"loc":{"start":{"line":7,"column":23},"end":{"line":9,"column":null}}}},"branchMap":{},"s":{"0":0,"1":0},"f":{"0":0},"b":{}}
,"C:\\Users\\dharu\\Documents\\GitHub\\fullstack-tech-champs-p2-frontend\\src\\routes\\(auth)\\_auth.my-team-page.tsx": {"path":"C:\\Users\\dharu\\Documents\\GitHub\\fullstack-tech-champs-p2-frontend\\src\\routes\\(auth)\\_auth.my-team-page.tsx","statementMap":{"0":{"start":{"line":18,"column":21},"end":{"line":20,"column":2}},"1":{"start":{"line":23,"column":79},"end":{"line":23,"column":90}},"2":{"start":{"line":25,"column":2},"end":{"line":31,"column":null}},"3":{"start":{"line":26,"column":4},"end":{"line":29,"column":null}},"4":{"start":{"line":33,"column":2},"end":{"line":39,"column":null}},"5":{"start":{"line":34,"column":4},"end":{"line":37,"column":null}},"6":{"start":{"line":41,"column":2},"end":{"line":60,"column":null}},"7":{"start":{"line":42,"column":4},"end":{"line":58,"column":null}},"8":{"start":{"line":62,"column":2},"end":{"line":85,"column":null}},"9":{"start":{"line":68,"column":10},"end":{"line":68,"column":33}},"10":{"start":{"line":73,"column":33},"end":{"line":73,"column":56}},"11":{"start":{"line":91,"column":2},"end":{"line":131,"column":null}},"12":{"start":{"line":99,"column":12},"end":{"line":99,"column":59}},"13":{"start":{"line":142,"column":2},"end":{"line":169,"column":null}}},"fnMap":{"0":{"name":"TeamPage","decl":{"start":{"line":22,"column":9},"end":{"line":22,"column":17}},"loc":{"start":{"line":22,"column":17},"end":{"line":88,"column":null}}},"1":{"name":"(anonymous_1)","decl":{"start":{"line":67,"column":19},"end":{"line":67,"column":23}},"loc":{"start":{"line":68,"column":10},"end":{"line":68,"column":33}}},"2":{"name":"(anonymous_2)","decl":{"start":{"line":73,"column":27},"end":{"line":73,"column":33}},"loc":{"start":{"line":73,"column":33},"end":{"line":73,"column":56}}},"3":{"name":"TeamPlayersCard","decl":{"start":{"line":90,"column":9},"end":{"line":90,"column":24}},"loc":{"start":{"line":90,"column":59},"end":{"line":133,"column":null}}},"4":{"name":"(anonymous_4)","decl":{"start":{"line":98,"column":24},"end":{"line":98,"column":30}},"loc":{"start":{"line":99,"column":12},"end":{"line":99,"column":59}}},"5":{"name":"DeleteTeamDialog","decl":{"start":{"line":135,"column":9},"end":{"line":135,"column":25}},"loc":{"start":{"line":141,"column":1},"end":{"line":171,"column":null}}}},"branchMap":{"0":{"loc":{"start":{"line":25,"column":2},"end":{"line":31,"column":null}},"type":"if","locations":[{"start":{"line":25,"column":2},"end":{"line":31,"column":null}}]},"1":{"loc":{"start":{"line":33,"column":2},"end":{"line":39,"column":null}},"type":"if","locations":[{"start":{"line":33,"column":2},"end":{"line":39,"column":null}}]},"2":{"loc":{"start":{"line":41,"column":2},"end":{"line":60,"column":null}},"type":"if","locations":[{"start":{"line":41,"column":2},"end":{"line":60,"column":null}}]},"3":{"loc":{"start":{"line":41,"column":6},"end":{"line":41,"column":34}},"type":"binary-expr","locations":[{"start":{"line":41,"column":6},"end":{"line":41,"column":12}},{"start":{"line":41,"column":16},"end":{"line":41,"column":34}}]},"4":{"loc":{"start":{"line":66,"column":7},"end":{"line":83,"column":34}},"type":"cond-expr","locations":[{"start":{"line":67,"column":8},"end":{"line":81,"column":10}},{"start":{"line":83,"column":8},"end":{"line":83,"column":34}}]},"5":{"loc":{"start":{"line":66,"column":7},"end":{"line":66,"column":47}},"type":"binary-expr","locations":[{"start":{"line":66,"column":7},"end":{"line":66,"column":27}},{"start":{"line":66,"column":31},"end":{"line":66,"column":47}}]},"6":{"loc":{"start":{"line":79,"column":38},"end":{"line":79,"column":63}},"type":"binary-expr","locations":[{"start":{"line":79,"column":38},"end":{"line":79,"column":57}},{"start":{"line":79,"column":61},"end":{"line":79,"column":63}}]},"7":{"loc":{"start":{"line":164,"column":13},"end":{"line":164,"column":71}},"type":"binary-expr","locations":[{"start":{"line":164,"column":13},"end":{"line":164,"column":23}},{"start":{"line":164,"column":27},"end":{"line":164,"column":71}}]}},"s":{"0":0,"1":0,"2":0,"3":0,"4":0,"5":0,"6":0,"7":0,"8":0,"9":0,"10":0,"11":0,"12":0,"13":0},"f":{"0":0,"1":0,"2":0,"3":0,"4":0,"5":0},"b":{"0":[0],"1":[0],"2":[0],"3":[0,0],"4":[0,0],"5":[0,0],"6":[0,0],"7":[0,0]}}
,"C:\\Users\\dharu\\Documents\\GitHub\\fullstack-tech-champs-p2-frontend\\src\\routes\\(auth)\\_auth.tsx": {"path":"C:\\Users\\dharu\\Documents\\GitHub\\fullstack-tech-champs-p2-frontend\\src\\routes\\(auth)\\_auth.tsx","statementMap":{"0":{"start":{"line":9,"column":21},"end":{"line":11,"column":2}},"1":{"start":{"line":14,"column":30},"end":{"line":14,"column":39}},"2":{"start":{"line":16,"column":2},"end":{"line":22,"column":null}},"3":{"start":{"line":17,"column":4},"end":{"line":20,"column":null}},"4":{"start":{"line":24,"column":2},"end":{"line":26,"column":null}},"5":{"start":{"line":25,"column":4},"end":{"line":25,"column":null}},"6":{"start":{"line":28,"column":2},"end":{"line":37,"column":null}}},"fnMap":{"0":{"name":"RouteComponent","decl":{"start":{"line":13,"column":9},"end":{"line":13,"column":23}},"loc":{"start":{"line":13,"column":23},"end":{"line":39,"column":null}}}},"branchMap":{"0":{"loc":{"start":{"line":16,"column":2},"end":{"line":22,"column":null}},"type":"if","locations":[{"start":{"line":16,"column":2},"end":{"line":22,"column":null}}]},"1":{"loc":{"start":{"line":24,"column":2},"end":{"line":26,"column":null}},"type":"if","locations":[{"start":{"line":24,"column":2},"end":{"line":26,"column":null}}]}},"s":{"0":0,"1":0,"2":0,"3":0,"4":0,"5":0,"6":0},"f":{"0":0},"b":{"0":[0],"1":[0]}}
,"C:\\Users\\dharu\\Documents\\GitHub\\fullstack-tech-champs-p2-frontend\\src\\routes\\(public)\\_public.login.tsx": {"path":"C:\\Users\\dharu\\Documents\\GitHub\\fullstack-tech-champs-p2-frontend\\src\\routes\\(public)\\_public.login.tsx","statementMap":{"0":{"start":{"line":27,"column":21},"end":{"line":29,"column":2}},"1":{"start":{"line":33,"column":37},"end":{"line":33,"column":47}},"2":{"start":{"line":35,"column":17},"end":{"line":41,"column":6}},"3":{"start":{"line":43,"column":6},"end":{"line":43,"column":null}},"4":{"start":{"line":47,"column":4},"end":{"line":129,"column":null}},"5":{"start":{"line":75,"column":20},"end":{"line":84,"column":null}},"6":{"start":{"line":93,"column":20},"end":{"line":103,"column":null}}},"fnMap":{"0":{"name":"LoginPage","decl":{"start":{"line":31,"column":9},"end":{"line":31,"column":18}},"loc":{"start":{"line":31,"column":18},"end":{"line":132,"column":null}}},"1":{"name":"onSubmit","decl":{"start":{"line":42,"column":13},"end":{"line":42,"column":21}},"loc":{"start":{"line":42,"column":45},"end":{"line":44,"column":null}}},"2":{"name":"(anonymous_2)","decl":{"start":{"line":74,"column":26},"end":{"line":74,"column":27}},"loc":{"start":{"line":75,"column":20},"end":{"line":84,"column":null}}},"3":{"name":"(anonymous_3)","decl":{"start":{"line":92,"column":26},"end":{"line":92,"column":27}},"loc":{"start":{"line":93,"column":20},"end":{"line":103,"column":null}}}},"branchMap":{"0":{"loc":{"start":{"line":113,"column":19},"end":{"line":115,"column":29}},"type":"cond-expr","locations":[{"start":{"line":114,"column":20},"end":{"line":114,"column":82}},{"start":{"line":115,"column":22},"end":{"line":115,"column":29}}]}},"s":{"0":0,"1":0,"2":0,"3":0,"4":0,"5":0,"6":0},"f":{"0":0,"1":0,"2":0,"3":0},"b":{"0":[0,0]}}
,"C:\\Users\\dharu\\Documents\\GitHub\\fullstack-tech-champs-p2-frontend\\src\\routes\\(public)\\_public.register.tsx": {"path":"C:\\Users\\dharu\\Documents\\GitHub\\fullstack-tech-champs-p2-frontend\\src\\routes\\(public)\\_public.register.tsx","statementMap":{"0":{"start":{"line":24,"column":21},"end":{"line":26,"column":2}},"1":{"start":{"line":30,"column":43},"end":{"line":30,"column":56}},"2":{"start":{"line":32,"column":17},"end":{"line":39,"column":6}},"3":{"start":{"line":41,"column":6},"end":{"line":41,"column":null}},"4":{"start":{"line":42,"column":6},"end":{"line":42,"column":28}},"5":{"start":{"line":47,"column":4},"end":{"line":149,"column":null}},"6":{"start":{"line":76,"column":20},"end":{"line":85,"column":null}},"7":{"start":{"line":94,"column":20},"end":{"line":104,"column":null}},"8":{"start":{"line":113,"column":20},"end":{"line":123,"column":null}}},"fnMap":{"0":{"name":"RegisterPage","decl":{"start":{"line":28,"column":9},"end":{"line":28,"column":21}},"loc":{"start":{"line":28,"column":21},"end":{"line":152,"column":null}}},"1":{"name":"onSubmit","decl":{"start":{"line":40,"column":13},"end":{"line":40,"column":21}},"loc":{"start":{"line":40,"column":48},"end":{"line":44,"column":null}}},"2":{"name":"(anonymous_2)","decl":{"start":{"line":75,"column":26},"end":{"line":75,"column":27}},"loc":{"start":{"line":76,"column":20},"end":{"line":85,"column":null}}},"3":{"name":"(anonymous_3)","decl":{"start":{"line":93,"column":26},"end":{"line":93,"column":27}},"loc":{"start":{"line":94,"column":20},"end":{"line":104,"column":null}}},"4":{"name":"(anonymous_4)","decl":{"start":{"line":112,"column":26},"end":{"line":112,"column":27}},"loc":{"start":{"line":113,"column":20},"end":{"line":123,"column":null}}}},"branchMap":{"0":{"loc":{"start":{"line":133,"column":19},"end":{"line":135,"column":32}},"type":"cond-expr","locations":[{"start":{"line":134,"column":20},"end":{"line":134,"column":87}},{"start":{"line":135,"column":22},"end":{"line":135,"column":32}}]}},"s":{"0":0,"1":0,"2":0,"3":0,"4":0,"5":0,"6":0,"7":0,"8":0},"f":{"0":0,"1":0,"2":0,"3":0,"4":0},"b":{"0":[0,0]}}
,"C:\\Users\\dharu\\Documents\\GitHub\\fullstack-tech-champs-p2-frontend\\src\\routes\\(public)\\_public.tsx": {"path":"C:\\Users\\dharu\\Documents\\GitHub\\fullstack-tech-champs-p2-frontend\\src\\routes\\(public)\\_public.tsx","statementMap":{"0":{"start":{"line":5,"column":21},"end":{"line":7,"column":2}},"1":{"start":{"line":10,"column":30},"end":{"line":10,"column":39}},"2":{"start":{"line":12,"column":2},"end":{"line":18,"column":null}},"3":{"start":{"line":13,"column":4},"end":{"line":16,"column":null}},"4":{"start":{"line":20,"column":2},"end":{"line":22,"column":null}},"5":{"start":{"line":21,"column":4},"end":{"line":21,"column":null}},"6":{"start":{"line":24,"column":2},"end":{"line":27,"column":null}}},"fnMap":{"0":{"name":"PublicLayout","decl":{"start":{"line":9,"column":16},"end":{"line":9,"column":28}},"loc":{"start":{"line":9,"column":28},"end":{"line":29,"column":null}}}},"branchMap":{"0":{"loc":{"start":{"line":12,"column":2},"end":{"line":18,"column":null}},"type":"if","locations":[{"start":{"line":12,"column":2},"end":{"line":18,"column":null}}]},"1":{"loc":{"start":{"line":20,"column":2},"end":{"line":22,"column":null}},"type":"if","locations":[{"start":{"line":20,"column":2},"end":{"line":22,"column":null}}]}},"s":{"0":0,"1":0,"2":0,"3":0,"4":0,"5":0,"6":0},"f":{"0":0},"b":{"0":[0],"1":[0]}}
,"C:\\Users\\dharu\\Documents\\GitHub\\fullstack-tech-champs-p2-frontend\\src\\utils\\botActions.ts": {"path":"C:\\Users\\dharu\\Documents\\GitHub\\fullstack-tech-champs-p2-frontend\\src\\utils\\botActions.ts","statementMap":{"0":{"start":{"line":8,"column":4},"end":{"line":8,"column":null}},"1":{"start":{"line":9,"column":2},"end":{"line":44,"column":null}},"2":{"start":{"line":10,"column":18},"end":{"line":10,"column":47}},"3":{"start":{"line":13,"column":4},"end":{"line":15,"column":null}},"4":{"start":{"line":14,"column":8},"end":{"line":14,"column":null}},"5":{"start":{"line":17,"column":4},"end":{"line":17,"column":null}},"6":{"start":{"line":19,"column":4},"end":{"line":21,"column":null}},"7":{"start":{"line":23,"column":16},"end":{"line":31,"column":6}},"8":{"start":{"line":32,"column":4},"end":{"line":32,"column":null}},"9":{"start":{"line":36,"column":4},"end":{"line":36,"column":null}},"10":{"start":{"line":38,"column":4},"end":{"line":43,"column":null}},"11":{"start":{"line":39,"column":22},"end":{"line":39,"column":88}},"12":{"start":{"line":40,"column":6},"end":{"line":40,"column":null}},"13":{"start":{"line":42,"column":6},"end":{"line":42,"column":null}},"14":{"start":{"line":54,"column":4},"end":{"line":54,"column":null}},"15":{"start":{"line":55,"column":2},"end":{"line":84,"column":null}},"16":{"start":{"line":56,"column":18},"end":{"line":56,"column":47}},"17":{"start":{"line":59,"column":4},"end":{"line":61,"column":null}},"18":{"start":{"line":60,"column":8},"end":{"line":60,"column":null}},"19":{"start":{"line":63,"column":16},"end":{"line":71,"column":6}},"20":{"start":{"line":73,"column":4},"end":{"line":73,"column":null}},"21":{"start":{"line":76,"column":4},"end":{"line":76,"column":null}},"22":{"start":{"line":78,"column":4},"end":{"line":83,"column":null}},"23":{"start":{"line":79,"column":22},"end":{"line":79,"column":86}},"24":{"start":{"line":80,"column":6},"end":{"line":80,"column":null}},"25":{"start":{"line":82,"column":6},"end":{"line":82,"column":null}}},"fnMap":{"0":{"name":"createBot","decl":{"start":{"line":3,"column":22},"end":{"line":3,"column":31}},"loc":{"start":{"line":7,"column":1},"end":{"line":45,"column":null}}},"1":{"name":"editBot","decl":{"start":{"line":47,"column":22},"end":{"line":47,"column":29}},"loc":{"start":{"line":53,"column":1},"end":{"line":85,"column":null}}}},"branchMap":{"0":{"loc":{"start":{"line":13,"column":4},"end":{"line":15,"column":null}},"type":"if","locations":[{"start":{"line":13,"column":4},"end":{"line":15,"column":null}}]},"1":{"loc":{"start":{"line":38,"column":4},"end":{"line":43,"column":null}},"type":"if","locations":[{"start":{"line":38,"column":4},"end":{"line":43,"column":null}},{"start":{"line":41,"column":11},"end":{"line":43,"column":null}}]},"2":{"loc":{"start":{"line":39,"column":22},"end":{"line":39,"column":88}},"type":"binary-expr","locations":[{"start":{"line":39,"column":22},"end":{"line":39,"column":49}},{"start":{"line":39,"column":53},"end":{"line":39,"column":88}}]},"3":{"loc":{"start":{"line":59,"column":4},"end":{"line":61,"column":null}},"type":"if","locations":[{"start":{"line":59,"column":4},"end":{"line":61,"column":null}}]},"4":{"loc":{"start":{"line":78,"column":4},"end":{"line":83,"column":null}},"type":"if","locations":[{"start":{"line":78,"column":4},"end":{"line":83,"column":null}},{"start":{"line":81,"column":11},"end":{"line":83,"column":null}}]},"5":{"loc":{"start":{"line":79,"column":22},"end":{"line":79,"column":86}},"type":"binary-expr","locations":[{"start":{"line":79,"column":22},"end":{"line":79,"column":49}},{"start":{"line":79,"column":53},"end":{"line":79,"column":86}}]}},"s":{"0":0,"1":0,"2":0,"3":0,"4":0,"5":0,"6":0,"7":0,"8":0,"9":0,"10":0,"11":0,"12":0,"13":0,"14":0,"15":0,"16":0,"17":0,"18":0,"19":0,"20":0,"21":0,"22":0,"23":0,"24":0,"25":0},"f":{"0":0,"1":0},"b":{"0":[0],"1":[0,0],"2":[0,0],"3":[0],"4":[0,0],"5":[0,0]}}
,"C:\\Users\\dharu\\Documents\\GitHub\\fullstack-tech-champs-p2-frontend\\src\\utils\\draftPickActions.ts": {"path":"C:\\Users\\dharu\\Documents\\GitHub\\fullstack-tech-champs-p2-frontend\\src\\utils\\draftPickActions.ts","statementMap":{"0":{"start":{"line":3,"column":24},"end":{"line":3,"column":25}},"1":{"start":{"line":10,"column":4},"end":{"line":10,"column":null}},"2":{"start":{"line":11,"column":2},"end":{"line":90,"column":null}},"3":{"start":{"line":12,"column":18},"end":{"line":12,"column":47}},"4":{"start":{"line":15,"column":4},"end":{"line":17,"column":null}},"5":{"start":{"line":16,"column":8},"end":{"line":16,"column":null}},"6":{"start":{"line":19,"column":4},"end":{"line":19,"column":null}},"7":{"start":{"line":21,"column":4},"end":{"line":23,"column":null}},"8":{"start":{"line":29,"column":21},"end":{"line":34,"column":6}},"9":{"start":{"line":36,"column":18},"end":{"line":36,"column":31}},"10":{"start":{"line":37,"column":21},"end":{"line":37,"column":33}},"11":{"start":{"line":39,"column":4},"end":{"line":41,"column":null}},"12":{"start":{"line":40,"column":6},"end":{"line":40,"column":null}},"13":{"start":{"line":44,"column":23},"end":{"line":44,"column":49}},"14":{"start":{"line":45,"column":25},"end":{"line":45,"column":27}},"15":{"start":{"line":48,"column":33},"end":{"line":48,"column":35}},"16":{"start":{"line":50,"column":4},"end":{"line":54,"column":null}},"17":{"start":{"line":50,"column":21},"end":{"line":50,"column":22}},"18":{"start":{"line":51,"column":25},"end":{"line":51,"column":58}},"19":{"start":{"line":51,"column":50},"end":{"line":51,"column":57}},"20":{"start":{"line":52,"column":6},"end":{"line":52,"column":48}},"21":{"start":{"line":52,"column":27},"end":{"line":52,"column":48}},"22":{"start":{"line":53,"column":6},"end":{"line":53,"column":null}},"23":{"start":{"line":57,"column":4},"end":{"line":74,"column":null}},"24":{"start":{"line":57,"column":17},"end":{"line":57,"column":18}},"25":{"start":{"line":58,"column":22},"end":{"line":58,"column":35}},"26":{"start":{"line":59,"column":26},"end":{"line":59,"column":31}},"27":{"start":{"line":61,"column":6},"end":{"line":73,"column":null}},"28":{"start":{"line":76,"column":20},"end":{"line":76,"column":51}},"29":{"start":{"line":77,"column":4},"end":{"line":77,"column":null}},"30":{"start":{"line":77,"column":57},"end":{"line":77,"column":63}},"31":{"start":{"line":78,"column":4},"end":{"line":78,"column":null}},"32":{"start":{"line":84,"column":4},"end":{"line":89,"column":null}},"33":{"start":{"line":85,"column":22},"end":{"line":85,"column":88}},"34":{"start":{"line":86,"column":6},"end":{"line":86,"column":null}},"35":{"start":{"line":88,"column":6},"end":{"line":88,"column":null}},"36":{"start":{"line":100,"column":4},"end":{"line":100,"column":null}},"37":{"start":{"line":101,"column":2},"end":{"line":130,"column":null}},"38":{"start":{"line":102,"column":18},"end":{"line":102,"column":47}},"39":{"start":{"line":105,"column":4},"end":{"line":107,"column":null}},"40":{"start":{"line":106,"column":8},"end":{"line":106,"column":null}},"41":{"start":{"line":109,"column":16},"end":{"line":117,"column":6}},"42":{"start":{"line":119,"column":4},"end":{"line":119,"column":null}},"43":{"start":{"line":122,"column":4},"end":{"line":122,"column":null}},"44":{"start":{"line":124,"column":4},"end":{"line":129,"column":null}},"45":{"start":{"line":125,"column":22},"end":{"line":125,"column":86}},"46":{"start":{"line":126,"column":6},"end":{"line":126,"column":null}},"47":{"start":{"line":128,"column":6},"end":{"line":128,"column":null}}},"fnMap":{"0":{"name":"createDraftSchedule","decl":{"start":{"line":5,"column":22},"end":{"line":5,"column":41}},"loc":{"start":{"line":9,"column":1},"end":{"line":91,"column":null}}},"1":{"name":"(anonymous_1)","decl":{"start":{"line":51,"column":36},"end":{"line":51,"column":45}},"loc":{"start":{"line":51,"column":50},"end":{"line":51,"column":57}}},"2":{"name":"(anonymous_2)","decl":{"start":{"line":77,"column":52},"end":{"line":77,"column":53}},"loc":{"start":{"line":77,"column":57},"end":{"line":77,"column":63}}},"3":{"name":"editDraftPick","decl":{"start":{"line":93,"column":22},"end":{"line":93,"column":35}},"loc":{"start":{"line":99,"column":1},"end":{"line":131,"column":null}}}},"branchMap":{"0":{"loc":{"start":{"line":15,"column":4},"end":{"line":17,"column":null}},"type":"if","locations":[{"start":{"line":15,"column":4},"end":{"line":17,"column":null}}]},"1":{"loc":{"start":{"line":39,"column":4},"end":{"line":41,"column":null}},"type":"if","locations":[{"start":{"line":39,"column":4},"end":{"line":41,"column":null}}]},"2":{"loc":{"start":{"line":52,"column":6},"end":{"line":52,"column":48}},"type":"if","locations":[{"start":{"line":52,"column":6},"end":{"line":52,"column":48}}]},"3":{"loc":{"start":{"line":84,"column":4},"end":{"line":89,"column":null}},"type":"if","locations":[{"start":{"line":84,"column":4},"end":{"line":89,"column":null}},{"start":{"line":87,"column":11},"end":{"line":89,"column":null}}]},"4":{"loc":{"start":{"line":85,"column":22},"end":{"line":85,"column":88}},"type":"binary-expr","locations":[{"start":{"line":85,"column":22},"end":{"line":85,"column":49}},{"start":{"line":85,"column":53},"end":{"line":85,"column":88}}]},"5":{"loc":{"start":{"line":105,"column":4},"end":{"line":107,"column":null}},"type":"if","locations":[{"start":{"line":105,"column":4},"end":{"line":107,"column":null}}]},"6":{"loc":{"start":{"line":124,"column":4},"end":{"line":129,"column":null}},"type":"if","locations":[{"start":{"line":124,"column":4},"end":{"line":129,"column":null}},{"start":{"line":127,"column":11},"end":{"line":129,"column":null}}]},"7":{"loc":{"start":{"line":125,"column":22},"end":{"line":125,"column":86}},"type":"binary-expr","locations":[{"start":{"line":125,"column":22},"end":{"line":125,"column":49}},{"start":{"line":125,"column":53},"end":{"line":125,"column":86}}]}},"s":{"0":0,"1":0,"2":0,"3":0,"4":0,"5":0,"6":0,"7":0,"8":0,"9":0,"10":0,"11":0,"12":0,"13":0,"14":0,"15":0,"16":0,"17":0,"18":0,"19":0,"20":0,"21":0,"22":0,"23":0,"24":0,"25":0,"26":0,"27":0,"28":0,"29":0,"30":0,"31":0,"32":0,"33":0,"34":0,"35":0,"36":0,"37":0,"38":0,"39":0,"40":0,"41":0,"42":0,"43":0,"44":0,"45":0,"46":0,"47":0},"f":{"0":0,"1":0,"2":0,"3":0},"b":{"0":[0],"1":[0],"2":[0],"3":[0,0],"4":[0,0],"5":[0],"6":[0,0],"7":[0,0]}}
,"C:\\Users\\dharu\\Documents\\GitHub\\fullstack-tech-champs-p2-frontend\\src\\utils\\leagueActions.ts": {"path":"C:\\Users\\dharu\\Documents\\GitHub\\fullstack-tech-champs-p2-frontend\\src\\utils\\leagueActions.ts","statementMap":{"0":{"start":{"line":8,"column":4},"end":{"line":8,"column":null}},"1":{"start":{"line":9,"column":2},"end":{"line":44,"column":null}},"2":{"start":{"line":10,"column":18},"end":{"line":10,"column":47}},"3":{"start":{"line":13,"column":4},"end":{"line":15,"column":null}},"4":{"start":{"line":14,"column":8},"end":{"line":14,"column":null}},"5":{"start":{"line":17,"column":4},"end":{"line":17,"column":null}},"6":{"start":{"line":19,"column":4},"end":{"line":21,"column":null}},"7":{"start":{"line":23,"column":16},"end":{"line":31,"column":6}},"8":{"start":{"line":32,"column":4},"end":{"line":32,"column":null}},"9":{"start":{"line":36,"column":4},"end":{"line":36,"column":null}},"10":{"start":{"line":38,"column":4},"end":{"line":43,"column":null}},"11":{"start":{"line":39,"column":22},"end":{"line":39,"column":88}},"12":{"start":{"line":40,"column":6},"end":{"line":40,"column":null}},"13":{"start":{"line":42,"column":6},"end":{"line":42,"column":null}}},"fnMap":{"0":{"name":"createLeague","decl":{"start":{"line":3,"column":22},"end":{"line":3,"column":34}},"loc":{"start":{"line":7,"column":1},"end":{"line":45,"column":null}}}},"branchMap":{"0":{"loc":{"start":{"line":13,"column":4},"end":{"line":15,"column":null}},"type":"if","locations":[{"start":{"line":13,"column":4},"end":{"line":15,"column":null}}]},"1":{"loc":{"start":{"line":38,"column":4},"end":{"line":43,"column":null}},"type":"if","locations":[{"start":{"line":38,"column":4},"end":{"line":43,"column":null}},{"start":{"line":41,"column":11},"end":{"line":43,"column":null}}]},"2":{"loc":{"start":{"line":39,"column":22},"end":{"line":39,"column":88}},"type":"binary-expr","locations":[{"start":{"line":39,"column":22},"end":{"line":39,"column":49}},{"start":{"line":39,"column":53},"end":{"line":39,"column":88}}]}},"s":{"0":0,"1":0,"2":0,"3":0,"4":0,"5":0,"6":0,"7":0,"8":0,"9":0,"10":0,"11":0,"12":0,"13":0},"f":{"0":0},"b":{"0":[0],"1":[0,0],"2":[0,0]}}
,"C:\\Users\\dharu\\Documents\\GitHub\\fullstack-tech-champs-p2-frontend\\src\\utils\\teamActions.ts": {"path":"C:\\Users\\dharu\\Documents\\GitHub\\fullstack-tech-champs-p2-frontend\\src\\utils\\teamActions.ts","statementMap":{"0":{"start":{"line":18,"column":4},"end":{"line":18,"column":null}},"1":{"start":{"line":19,"column":2},"end":{"line":64,"column":null}},"2":{"start":{"line":20,"column":18},"end":{"line":20,"column":47}},"3":{"start":{"line":23,"column":4},"end":{"line":25,"column":null}},"4":{"start":{"line":24,"column":8},"end":{"line":24,"column":null}},"5":{"start":{"line":27,"column":4},"end":{"line":27,"column":null}},"6":{"start":{"line":29,"column":4},"end":{"line":36,"column":null}},"7":{"start":{"line":38,"column":16},"end":{"line":51,"column":6}},"8":{"start":{"line":52,"column":4},"end":{"line":52,"column":null}},"9":{"start":{"line":56,"column":4},"end":{"line":56,"column":null}},"10":{"start":{"line":58,"column":4},"end":{"line":63,"column":null}},"11":{"start":{"line":59,"column":22},"end":{"line":59,"column":88}},"12":{"start":{"line":60,"column":6},"end":{"line":60,"column":null}},"13":{"start":{"line":62,"column":6},"end":{"line":62,"column":null}}},"fnMap":{"0":{"name":"createTeam","decl":{"start":{"line":3,"column":22},"end":{"line":3,"column":32}},"loc":{"start":{"line":17,"column":1},"end":{"line":65,"column":null}}}},"branchMap":{"0":{"loc":{"start":{"line":23,"column":4},"end":{"line":25,"column":null}},"type":"if","locations":[{"start":{"line":23,"column":4},"end":{"line":25,"column":null}}]},"1":{"loc":{"start":{"line":58,"column":4},"end":{"line":63,"column":null}},"type":"if","locations":[{"start":{"line":58,"column":4},"end":{"line":63,"column":null}},{"start":{"line":61,"column":11},"end":{"line":63,"column":null}}]},"2":{"loc":{"start":{"line":59,"column":22},"end":{"line":59,"column":88}},"type":"binary-expr","locations":[{"start":{"line":59,"column":22},"end":{"line":59,"column":49}},{"start":{"line":59,"column":53},"end":{"line":59,"column":88}}]}},"s":{"0":0,"1":0,"2":0,"3":0,"4":0,"5":0,"6":0,"7":0,"8":0,"9":0,"10":0,"11":0,"12":0,"13":0},"f":{"0":0},"b":{"0":[0],"1":[0,0],"2":[0,0]}}
,"C:\\Users\\dharu\\Documents\\GitHub\\fullstack-tech-champs-p2-frontend\\src\\utils\\testActions.ts": {"path":"C:\\Users\\dharu\\Documents\\GitHub\\fullstack-tech-champs-p2-frontend\\src\\utils\\testActions.ts","statementMap":{"0":{"start":{"line":5,"column":4},"end":{"line":5,"column":null}},"1":{"start":{"line":6,"column":2},"end":{"line":22,"column":null}},"2":{"start":{"line":8,"column":16},"end":{"line":8,"column":82}},"3":{"start":{"line":9,"column":4},"end":{"line":9,"column":null}},"4":{"start":{"line":16,"column":4},"end":{"line":21,"column":null}},"5":{"start":{"line":17,"column":22},"end":{"line":17,"column":88}},"6":{"start":{"line":18,"column":6},"end":{"line":18,"column":null}},"7":{"start":{"line":20,"column":6},"end":{"line":20,"column":null}}},"fnMap":{"0":{"name":"test","decl":{"start":{"line":4,"column":22},"end":{"line":4,"column":26}},"loc":{"start":{"line":4,"column":26},"end":{"line":23,"column":null}}}},"branchMap":{"0":{"loc":{"start":{"line":16,"column":4},"end":{"line":21,"column":null}},"type":"if","locations":[{"start":{"line":16,"column":4},"end":{"line":21,"column":null}},{"start":{"line":19,"column":11},"end":{"line":21,"column":null}}]},"1":{"loc":{"start":{"line":17,"column":22},"end":{"line":17,"column":88}},"type":"binary-expr","locations":[{"start":{"line":17,"column":22},"end":{"line":17,"column":49}},{"start":{"line":17,"column":53},"end":{"line":17,"column":88}}]}},"s":{"0":0,"1":0,"2":0,"3":0,"4":0,"5":0,"6":0,"7":0},"f":{"0":0},"b":{"0":[0,0],"1":[0,0]}}
}
