TN:
SF:src\main.tsx
FNF:0
FNH:0
DA:13,0
DA:22,0
LF:2
LH:0
BRF:0
BRH:0
end_of_record
TN:
SF:src\components\shared\navbar.tsx
FN:3,(anonymous_0)
FNF:1
FNH:0
FNDA:0,(anonymous_0)
DA:3,0
DA:4,0
LF:2
LH:0
BRF:0
BRH:0
end_of_record
TN:
SF:src\components\shared\sidebar\app-sidebar.tsx
FN:8,(anonymous_0)
FNF:1
FNH:0
FNDA:0,(anonymous_0)
DA:8,0
DA:10,0
LF:2
LH:0
BRF:0
BRH:0
end_of_record
TN:
SF:src\components\shared\sidebar\sidebar-container.tsx
FN:8,(anonymous_0)
FNF:1
FNH:0
FNDA:0,(anonymous_0)
DA:8,0
DA:9,0
DA:11,0
DA:13,0
LF:4
LH:0
BRDA:11,0,0,0
BRF:1
BRH:0
end_of_record
TN:
SF:src\components\shared\sidebar\sidebar-content.tsx
FN:7,(anonymous_0)
FNF:1
FNH:0
FNDA:0,(anonymous_0)
DA:7,0
DA:8,0
LF:2
LH:0
BRF:0
BRH:0
end_of_record
TN:
SF:src\components\shared\sidebar\sidebar-group.tsx
FN:10,(anonymous_0)
FNF:1
FNH:0
FNDA:0,(anonymous_0)
DA:10,0
DA:11,0
DA:13,0
LF:3
LH:0
BRDA:17,0,0,0
BRDA:17,0,1,0
BRF:2
BRH:0
end_of_record
TN:
SF:src\components\shared\sidebar\sidebar-item.tsx
FN:12,(anonymous_0)
FNF:1
FNH:0
FNDA:0,(anonymous_0)
DA:12,0
DA:13,0
LF:2
LH:0
BRF:0
BRH:0
end_of_record
TN:
SF:src\components\shared\sidebar\sidebar-main-wrapper.tsx
FN:12,(anonymous_0)
FNF:1
FNH:0
FNDA:0,(anonymous_0)
DA:12,0
DA:13,0
DA:14,0
LF:3
LH:0
BRDA:18,0,0,0
BRDA:18,0,1,0
BRF:2
BRH:0
end_of_record
TN:
SF:src\components\shared\sidebar\sidebar.tsx
FN:9,(anonymous_0)
FNF:1
FNH:0
FNDA:0,(anonymous_0)
DA:9,0
DA:10,0
DA:12,0
LF:3
LH:0
BRDA:16,0,0,0
BRDA:16,0,1,0
BRDA:21,1,0,0
BRDA:21,1,1,0
BRF:4
BRH:0
end_of_record
TN:
SF:src\features\auth\components\userDropdown.tsx
FN:12,(anonymous_0)
FN:18,(anonymous_1)
FNF:2
FNH:0
FNDA:0,(anonymous_0)
FNDA:0,(anonymous_1)
DA:12,0
DA:13,0
DA:15,0
DA:18,0
DA:19,0
DA:20,0
DA:21,0
DA:24,0
LF:8
LH:0
BRDA:20,0,0,0
BRF:1
BRH:0
end_of_record
TN:
SF:src\features\auth\components\userProfile.tsx
FN:4,(anonymous_0)
FNF:1
FNH:0
FNDA:0,(anonymous_0)
DA:4,0
DA:5,0
DA:6,0
LF:3
LH:0
BRDA:8,0,0,0
BRDA:8,0,1,0
BRF:2
BRH:0
end_of_record
TN:
SF:src\features\auth\hook\useAuth.ts
FN:18,(anonymous_0)
FN:59,(anonymous_1)
FNF:2
FNH:0
FNDA:0,(anonymous_0)
FNDA:0,(anonymous_1)
DA:18,0
DA:19,0
DA:22,0
DA:23,0
DA:26,0
DA:28,0
DA:29,0
DA:30,0
DA:32,0
DA:33,0
DA:34,0
DA:35,0
DA:39,0
DA:41,0
DA:48,0
DA:49,0
DA:50,0
DA:59,0
DA:60,0
LF:19
LH:0
BRDA:22,0,0,0
BRDA:33,1,0,0
BRF:2
BRH:0
end_of_record
TN:
SF:src\features\auth\hook\useLogin.ts
FN:8,(anonymous_0)
FN:13,(anonymous_1)
FN:19,(anonymous_2)
FN:24,(anonymous_3)
FNF:4
FNH:0
FNDA:0,(anonymous_0)
FNDA:0,(anonymous_1)
FNDA:0,(anonymous_2)
FNDA:0,(anonymous_3)
DA:8,0
DA:9,0
DA:10,0
DA:12,0
DA:14,0
DA:15,0
DA:16,0
DA:17,0
DA:20,0
DA:21,0
DA:22,0
DA:25,0
DA:27,0
DA:28,0
DA:29,0
DA:31,0
LF:16
LH:0
BRDA:27,0,0,0
BRDA:27,0,1,0
BRDA:28,1,0,0
BRDA:28,1,1,0
BRDA:28,1,2,0
BRF:5
BRH:0
end_of_record
TN:
SF:src\features\auth\hook\useRegister.ts
FN:9,(anonymous_0)
FN:12,(anonymous_1)
FN:17,(anonymous_2)
FN:21,(anonymous_3)
FNF:4
FNH:0
FNDA:0,(anonymous_0)
FNDA:0,(anonymous_1)
FNDA:0,(anonymous_2)
FNDA:0,(anonymous_3)
DA:8,0
DA:9,0
DA:10,0
DA:11,0
DA:13,0
DA:14,0
DA:15,0
DA:18,0
DA:19,0
DA:22,0
DA:24,0
DA:25,0
DA:26,0
DA:28,0
LF:14
LH:0
BRDA:24,0,0,0
BRDA:24,0,1,0
BRDA:25,1,0,0
BRDA:25,1,1,0
BRDA:25,1,2,0
BRF:5
BRH:0
end_of_record
TN:
SF:src\features\auth\schemas\login-schema.ts
FNF:0
FNH:0
DA:3,0
LF:1
LH:0
BRF:0
BRH:0
end_of_record
TN:
SF:src\features\auth\schemas\register-schema.ts
FNF:0
FNH:0
DA:3,0
LF:1
LH:0
BRF:0
BRH:0
end_of_record
TN:
SF:src\features\nfl\hook\useLeaderboard.ts
FN:22,(anonymous_0)
FN:25,(anonymous_1)
FNF:2
FNH:0
FNDA:0,(anonymous_0)
FNDA:0,(anonymous_1)
DA:22,0
DA:23,0
DA:26,0
DA:29,0
LF:4
LH:0
BRF:0
BRH:0
end_of_record
TN:
SF:src\features\nfl\hook\useMyTeam.ts
FN:36,(anonymous_0)
FN:41,(anonymous_1)
FN:55,(anonymous_2)
FN:64,(anonymous_3)
FN:72,(anonymous_4)
FN:73,(anonymous_5)
FN:74,(anonymous_6)
FN:80,(anonymous_7)
FN:86,(anonymous_8)
FN:87,(anonymous_9)
FN:88,(anonymous_10)
FN:93,(anonymous_11)
FNF:12
FNH:0
FNDA:0,(anonymous_0)
FNDA:0,(anonymous_1)
FNDA:0,(anonymous_2)
FNDA:0,(anonymous_3)
FNDA:0,(anonymous_4)
FNDA:0,(anonymous_5)
FNDA:0,(anonymous_6)
FNDA:0,(anonymous_7)
FNDA:0,(anonymous_8)
FNDA:0,(anonymous_9)
FNDA:0,(anonymous_10)
FNDA:0,(anonymous_11)
DA:36,0
DA:37,0
DA:38,0
DA:39,0
DA:41,0
DA:42,0
DA:44,0
DA:45,0
DA:53,0
DA:56,0
DA:57,0
DA:58,0
DA:63,0
DA:65,0
DA:66,0
DA:70,0
DA:73,0
DA:74,0
DA:79,0
DA:81,0
DA:82,0
DA:87,0
DA:88,0
DA:93,0
DA:94,0
DA:103,0
LF:26
LH:0
BRDA:42,0,0,0
BRDA:46,1,0,0
BRDA:46,1,1,0
BRDA:47,2,0,0
BRDA:47,2,1,0
BRDA:48,3,0,0
BRDA:48,3,1,0
BRDA:56,4,0,0
BRDA:65,5,0,0
BRDA:74,6,0,0
BRDA:74,6,1,0
BRDA:81,7,0,0
BRDA:95,8,0,0
BRDA:95,8,1,0
BRDA:96,9,0,0
BRDA:96,9,1,0
BRDA:97,10,0,0
BRDA:97,10,1,0
BRDA:98,11,0,0
BRDA:98,11,1,0
BRDA:99,12,0,0
BRDA:99,12,1,0
BRF:22
BRH:0
end_of_record
TN:
SF:src\hooks\use-mobile.ts
FN:5,useIsMobile
FN:8,(anonymous_1)
FN:10,(anonymous_2)
FN:15,(anonymous_3)
FNF:4
FNH:0
FNDA:0,useIsMobile
FNDA:0,(anonymous_1)
FNDA:0,(anonymous_2)
FNDA:0,(anonymous_3)
DA:3,0
DA:6,0
DA:8,0
DA:9,0
DA:10,0
DA:11,0
DA:13,0
DA:14,0
DA:15,0
DA:18,0
LF:10
LH:0
BRF:0
BRH:0
end_of_record
TN:
SF:src\hooks\use-sidebar.ts
FN:7,(anonymous_0)
FN:11,(anonymous_1)
FN:15,(anonymous_2)
FN:15,(anonymous_3)
FNF:4
FNH:0
FNDA:0,(anonymous_0)
FNDA:0,(anonymous_1)
FNDA:0,(anonymous_2)
FNDA:0,(anonymous_3)
DA:5,0
DA:7,0
DA:8,0
DA:9,0
DA:11,0
DA:12,0
DA:15,0
DA:17,0
LF:8
LH:0
BRF:0
BRH:0
end_of_record
TN:
SF:src\hooks\useDialogLogout.tsx
FN:24,(anonymous_0)
FN:32,(anonymous_1)
FN:33,(anonymous_2)
FN:34,(anonymous_3)
FN:38,(anonymous_4)
FN:42,(anonymous_5)
FNF:6
FNH:0
FNDA:0,(anonymous_0)
FNDA:0,(anonymous_1)
FNDA:0,(anonymous_2)
FNDA:0,(anonymous_3)
FNDA:0,(anonymous_4)
FNDA:0,(anonymous_5)
DA:24,0
DA:28,0
DA:32,0
DA:33,0
DA:34,0
DA:35,0
DA:36,0
DA:38,0
DA:39,0
DA:40,0
DA:42,0
DA:50,0
DA:71,0
LF:13
LH:0
BRDA:45,0,0,0
BRDA:46,1,0,0
BRDA:47,2,0,0
BRDA:63,3,0,0
BRDA:63,3,1,0
BRF:5
BRH:0
end_of_record
TN:
SF:src\hooks\useLogout.ts
FN:5,(anonymous_0)
FN:10,(anonymous_1)
FN:14,(anonymous_2)
FN:19,(anonymous_3)
FNF:4
FNH:0
FNDA:0,(anonymous_0)
FNDA:0,(anonymous_1)
FNDA:0,(anonymous_2)
FNDA:0,(anonymous_3)
DA:5,0
DA:6,0
DA:7,0
DA:9,0
DA:12,0
DA:15,0
DA:16,0
DA:17,0
DA:20,0
LF:9
LH:0
BRF:0
BRH:0
end_of_record
TN:
SF:src\lib\utils.ts
FN:4,cn
FNF:1
FNH:0
FNDA:0,cn
DA:5,0
LF:1
LH:0
BRF:0
BRH:0
end_of_record
TN:
SF:src\routes\__root.tsx
FN:8,(anonymous_0)
FN:12,(anonymous_1)
FNF:2
FNH:0
FNDA:0,(anonymous_0)
FNDA:0,(anonymous_1)
DA:7,0
DA:8,0
DA:12,0
DA:13,0
DA:14,0
LF:5
LH:0
BRF:0
BRH:0
end_of_record
TN:
SF:src\routes\(auth)\_auth.create-team.tsx
FN:30,RouteComponent
FN:49,(anonymous_1)
FN:57,(anonymous_2)
FN:59,(anonymous_3)
FN:69,(anonymous_4)
FN:132,(anonymous_5)
FN:171,(anonymous_6)
FN:227,(anonymous_7)
FN:245,(anonymous_8)
FNF:9
FNH:0
FNDA:0,RouteComponent
FNDA:0,(anonymous_1)
FNDA:0,(anonymous_2)
FNDA:0,(anonymous_3)
FNDA:0,(anonymous_4)
FNDA:0,(anonymous_5)
FNDA:0,(anonymous_6)
FNDA:0,(anonymous_7)
FNDA:0,(anonymous_8)
DA:20,0
DA:26,0
DA:32,0
DA:33,0
DA:46,0
DA:49,0
DA:50,0
DA:52,0
DA:53,0
DA:55,0
DA:56,0
DA:57,0
DA:59,0
DA:61,0
DA:64,0
DA:69,0
DA:70,0
DA:73,0
DA:78,0
DA:79,0
DA:84,0
DA:87,0
DA:91,0
DA:93,0
DA:96,0
DA:101,0
DA:103,0
DA:104,0
DA:107,0
DA:110,0
DA:118,0
DA:122,0
DA:127,0
DA:132,0
DA:143,0
DA:145,0
DA:147,0
DA:151,0
DA:152,0
DA:155,0
DA:156,0
DA:163,0
DA:166,0
DA:167,0
DA:169,0
DA:170,0
DA:173,0
DA:174,0
DA:177,0
DA:184,0
DA:187,0
DA:192,0
DA:195,0
DA:196,0
DA:197,0
DA:199,0
DA:203,0
DA:227,0
DA:245,0
LF:59
LH:0
BRDA:52,0,0,0
BRDA:52,0,1,0
BRDA:55,1,0,0
BRDA:79,2,0,0
BRDA:80,3,0,0
BRDA:80,3,1,0
BRDA:80,3,2,0
BRDA:91,4,0,0
BRDA:118,5,0,0
BRDA:118,5,1,0
BRDA:118,5,2,0
BRDA:214,6,0,0
BRDA:214,6,1,0
BRDA:230,7,0,0
BRDA:230,7,1,0
BRDA:241,8,0,0
BRDA:241,8,1,0
BRF:17
BRH:0
end_of_record
TN:
SF:src\routes\(auth)\_auth.draft.tsx
FN:29,RouteComponent
FN:33,(anonymous_1)
FN:71,(anonymous_2)
FN:99,(anonymous_3)
FN:116,(anonymous_4)
FNF:5
FNH:0
FNDA:0,RouteComponent
FNDA:0,(anonymous_1)
FNDA:0,(anonymous_2)
FNDA:0,(anonymous_3)
FNDA:0,(anonymous_4)
DA:19,0
DA:25,0
DA:30,0
DA:31,0
DA:33,0
DA:34,0
DA:38,0
DA:71,0
DA:100,0
DA:116,0
LF:10
LH:0
BRF:0
BRH:0
end_of_record
TN:
SF:src\routes\(auth)\_auth.leaderboard.tsx
FN:29,LeaderboardPage
FN:66,(anonymous_1)
FN:75,(anonymous_2)
FN:75,(anonymous_3)
FN:101,(anonymous_4)
FN:118,(anonymous_5)
FNF:6
FNH:0
FNDA:0,LeaderboardPage
FNDA:0,(anonymous_1)
FNDA:0,(anonymous_2)
FNDA:0,(anonymous_3)
FNDA:0,(anonymous_4)
FNDA:0,(anonymous_5)
DA:25,0
DA:30,0
DA:31,0
DA:33,0
DA:34,0
DA:43,0
DA:44,0
DA:46,0
DA:67,0
DA:75,0
DA:76,0
DA:102,0
DA:119,0
LF:13
LH:0
BRDA:33,0,0,0
BRDA:43,1,0,0
BRDA:43,1,1,0
BRDA:51,2,0,0
BRDA:51,2,1,0
BRDA:65,3,0,0
BRDA:65,3,1,0
BRDA:67,4,0,0
BRDA:67,4,1,0
BRDA:87,5,0,0
BRDA:87,5,1,0
BRDA:100,6,0,0
BRDA:100,6,1,0
BRDA:122,7,0,0
BRDA:122,7,1,0
BRF:15
BRH:0
end_of_record
TN:
SF:src\routes\(auth)\_auth.match-history.tsx
FN:7,RouteComponent
FNF:1
FNH:0
FNDA:0,RouteComponent
DA:3,0
DA:8,0
LF:2
LH:0
BRF:0
BRH:0
end_of_record
TN:
SF:src\routes\(auth)\_auth.my-team-page.tsx
FN:22,TeamPage
FN:67,(anonymous_1)
FN:73,(anonymous_2)
FN:90,TeamPlayersCard
FN:98,(anonymous_4)
FN:135,DeleteTeamDialog
FNF:6
FNH:0
FNDA:0,TeamPage
FNDA:0,(anonymous_1)
FNDA:0,(anonymous_2)
FNDA:0,TeamPlayersCard
FNDA:0,(anonymous_4)
FNDA:0,DeleteTeamDialog
DA:18,0
DA:23,0
DA:25,0
DA:26,0
DA:33,0
DA:34,0
DA:41,0
DA:42,0
DA:62,0
DA:68,0
DA:73,0
DA:91,0
DA:99,0
DA:142,0
LF:14
LH:0
BRDA:25,0,0,0
BRDA:33,1,0,0
BRDA:41,2,0,0
BRDA:41,3,0,0
BRDA:41,3,1,0
BRDA:66,4,0,0
BRDA:66,4,1,0
BRDA:66,5,0,0
BRDA:66,5,1,0
BRDA:79,6,0,0
BRDA:79,6,1,0
BRDA:164,7,0,0
BRDA:164,7,1,0
BRF:13
BRH:0
end_of_record
TN:
SF:src\routes\(auth)\_auth.tsx
FN:13,RouteComponent
FNF:1
FNH:0
FNDA:0,RouteComponent
DA:9,0
DA:14,0
DA:16,0
DA:17,0
DA:24,0
DA:25,0
DA:28,0
LF:7
LH:0
BRDA:16,0,0,0
BRDA:24,1,0,0
BRF:2
BRH:0
end_of_record
TN:
SF:src\routes\(public)\_public.login.tsx
FN:31,LoginPage
FN:42,onSubmit
FN:74,(anonymous_2)
FN:92,(anonymous_3)
FNF:4
FNH:0
FNDA:0,LoginPage
FNDA:0,onSubmit
FNDA:0,(anonymous_2)
FNDA:0,(anonymous_3)
DA:27,0
DA:33,0
DA:35,0
DA:43,0
DA:47,0
DA:75,0
DA:93,0
LF:7
LH:0
BRDA:113,0,0,0
BRDA:113,0,1,0
BRF:2
BRH:0
end_of_record
TN:
SF:src\routes\(public)\_public.register.tsx
FN:28,RegisterPage
FN:40,onSubmit
FN:75,(anonymous_2)
FN:93,(anonymous_3)
FN:112,(anonymous_4)
FNF:5
FNH:0
FNDA:0,RegisterPage
FNDA:0,onSubmit
FNDA:0,(anonymous_2)
FNDA:0,(anonymous_3)
FNDA:0,(anonymous_4)
DA:24,0
DA:30,0
DA:32,0
DA:41,0
DA:42,0
DA:47,0
DA:76,0
DA:94,0
DA:113,0
LF:9
LH:0
BRDA:133,0,0,0
BRDA:133,0,1,0
BRF:2
BRH:0
end_of_record
TN:
SF:src\routes\(public)\_public.tsx
FN:9,PublicLayout
FNF:1
FNH:0
FNDA:0,PublicLayout
DA:5,0
DA:10,0
DA:12,0
DA:13,0
DA:20,0
DA:21,0
DA:24,0
LF:7
LH:0
BRDA:12,0,0,0
BRDA:20,1,0,0
BRF:2
BRH:0
end_of_record
TN:
SF:src\utils\botActions.ts
FN:3,createBot
FN:47,editBot
FNF:2
FNH:0
FNDA:0,createBot
FNDA:0,editBot
DA:8,0
DA:9,0
DA:10,0
DA:13,0
DA:14,0
DA:17,0
DA:19,0
DA:23,0
DA:32,0
DA:36,0
DA:38,0
DA:39,0
DA:40,0
DA:42,0
DA:54,0
DA:55,0
DA:56,0
DA:59,0
DA:60,0
DA:63,0
DA:73,0
DA:76,0
DA:78,0
DA:79,0
DA:80,0
DA:82,0
LF:26
LH:0
BRDA:13,0,0,0
BRDA:38,1,0,0
BRDA:38,1,1,0
BRDA:39,2,0,0
BRDA:39,2,1,0
BRDA:59,3,0,0
BRDA:78,4,0,0
BRDA:78,4,1,0
BRDA:79,5,0,0
BRDA:79,5,1,0
BRF:10
BRH:0
end_of_record
TN:
SF:src\utils\draftPickActions.ts
FN:5,createDraftSchedule
FN:51,(anonymous_1)
FN:77,(anonymous_2)
FN:93,editDraftPick
FNF:4
FNH:0
FNDA:0,createDraftSchedule
FNDA:0,(anonymous_1)
FNDA:0,(anonymous_2)
FNDA:0,editDraftPick
DA:3,0
DA:10,0
DA:11,0
DA:12,0
DA:15,0
DA:16,0
DA:19,0
DA:21,0
DA:29,0
DA:36,0
DA:37,0
DA:39,0
DA:40,0
DA:44,0
DA:45,0
DA:48,0
DA:50,0
DA:51,0
DA:52,0
DA:53,0
DA:57,0
DA:58,0
DA:59,0
DA:61,0
DA:76,0
DA:77,0
DA:78,0
DA:84,0
DA:85,0
DA:86,0
DA:88,0
DA:100,0
DA:101,0
DA:102,0
DA:105,0
DA:106,0
DA:109,0
DA:119,0
DA:122,0
DA:124,0
DA:125,0
DA:126,0
DA:128,0
LF:43
LH:0
BRDA:15,0,0,0
BRDA:39,1,0,0
BRDA:52,2,0,0
BRDA:84,3,0,0
BRDA:84,3,1,0
BRDA:85,4,0,0
BRDA:85,4,1,0
BRDA:105,5,0,0
BRDA:124,6,0,0
BRDA:124,6,1,0
BRDA:125,7,0,0
BRDA:125,7,1,0
BRF:12
BRH:0
end_of_record
TN:
SF:src\utils\leagueActions.ts
FN:3,createLeague
FNF:1
FNH:0
FNDA:0,createLeague
DA:8,0
DA:9,0
DA:10,0
DA:13,0
DA:14,0
DA:17,0
DA:19,0
DA:23,0
DA:32,0
DA:36,0
DA:38,0
DA:39,0
DA:40,0
DA:42,0
LF:14
LH:0
BRDA:13,0,0,0
BRDA:38,1,0,0
BRDA:38,1,1,0
BRDA:39,2,0,0
BRDA:39,2,1,0
BRF:5
BRH:0
end_of_record
TN:
SF:src\utils\teamActions.ts
FN:3,createTeam
FNF:1
FNH:0
FNDA:0,createTeam
DA:18,0
DA:19,0
DA:20,0
DA:23,0
DA:24,0
DA:27,0
DA:29,0
DA:38,0
DA:52,0
DA:56,0
DA:58,0
DA:59,0
DA:60,0
DA:62,0
LF:14
LH:0
BRDA:23,0,0,0
BRDA:58,1,0,0
BRDA:58,1,1,0
BRDA:59,2,0,0
BRDA:59,2,1,0
BRF:5
BRH:0
end_of_record
TN:
SF:src\utils\testActions.ts
FN:4,test
FNF:1
FNH:0
FNDA:0,test
DA:5,0
DA:6,0
DA:8,0
DA:9,0
DA:16,0
DA:17,0
DA:18,0
DA:20,0
LF:8
LH:0
BRDA:16,0,0,0
BRDA:16,0,1,0
BRDA:17,1,0,0
BRDA:17,1,1,0
BRF:4
BRH:0
end_of_record
